#
# There is insufficient memory for the Java Runtime Environment to continue.
# Native memory allocation (malloc) failed to allocate 1357776 bytes for Chunk::new
# Possible reasons:
#   The system is out of physical RAM or swap space
#   The process is running with CompressedOops enabled, and the Java Heap may be blocking the growth of the native heap
# Possible solutions:
#   Reduce memory load on the system
#   Increase physical memory or swap space
#   Check if swap backing store is full
#   Decrease Java heap size (-Xmx/-Xms)
#   Decrease number of Java threads
#   Decrease Java thread stack sizes (-Xss)
#   Set larger code cache with -XX:ReservedCodeCacheSize=
#   JVM is running with Unscaled Compressed Oops mode in which the Java heap is
#     placed in the first 4GB address space. The Java Heap base address is the
#     maximum limit for the native heap growth. Please use -XX:HeapBaseMinAddress
#     to set the Java Heap base and to place the Java Heap above 4GB virtual address.
# This output file may be truncated or incomplete.
#
#  Out of Memory Error (./open/src/hotspot/share/memory/arena.cpp:197), pid=22800, tid=13668
#
# JRE version: Java(TM) SE Runtime Environment 18.9 (11.0.14+8) (build 11.0.14+8-LTS-263)
# Java VM: Java HotSpot(TM) 64-Bit Server VM 18.9 (11.0.14+8-LTS-263, mixed mode, tiered, compressed oops, g1 gc, windows-amd64)
# No core dump will be written. Minidumps are not enabled by default on client versions of Windows
#

---------------  S U M M A R Y ------------

Command Line: -Dfile.encoding=UTF-8 C:\Users\ahka1\AppData\Local\Temp\surefire6537445720867541188\surefirebooter4705390632342274111.jar C:\Users\ahka1\AppData\Local\Temp\surefire6537445720867541188 2022-06-10T11-22-51_197-jvmRun2 surefire2490035712548834605tmp surefire_111917099228996406387tmp

Host: Intel(R) Core(TM) i3-1005G1 CPU @ 1.20GHz, 4 cores, 7G,  Windows 11 , 64 bit Build 22000 (10.0.22000.675)
Time: Fri Jun 10 11:22:59 2022 Turkey Standard Time elapsed time: 6.945555 seconds (0d 0h 0m 6s)

---------------  T H R E A D  ---------------

Current thread (0x00000195fce3a000):  JavaThread "C2 CompilerThread0" daemon [_thread_in_native, id=13668, stack(0x0000004695600000,0x0000004695700000)]


Current CompileTask:
C2:   6945 2784   !   4       jdk.internal.loader.BuiltinClassLoader::loadClassOrNull (143 bytes)

Stack: [0x0000004695600000,0x0000004695700000]
Native frames: (J=compiled Java code, j=interpreted, Vv=VM code, C=native code)
V  [jvm.dll+0x6296da]
V  [jvm.dll+0x76323f]
V  [jvm.dll+0x7648e9]
V  [jvm.dll+0x764f73]
V  [jvm.dll+0x23d7c8]
V  [jvm.dll+0xb297c]
V  [jvm.dll+0xb2f3c]
V  [jvm.dll+0x2ae594]
V  [jvm.dll+0x53cec6]
V  [jvm.dll+0x20069d]
V  [jvm.dll+0x1fa44a]
V  [jvm.dll+0x1f742d]
V  [jvm.dll+0x177b21]
V  [jvm.dll+0x206e26]
V  [jvm.dll+0x204fbb]
V  [jvm.dll+0x729170]
V  [jvm.dll+0x721d44]
V  [jvm.dll+0x6285d6]
C  [ucrtbase.dll+0x26c0c]
C  [KERNEL32.DLL+0x154e0]
C  [ntdll.dll+0x485b]


---------------  P R O C E S S  ---------------

Threads class SMR info:
_java_thread_list=0x00000195ff10ec30, length=23, elements={
0x00000195ee8ac000, 0x00000195fce1b000, 0x00000195fce1c800, 0x00000195fd7b2800,
0x00000195fce35000, 0x00000195fce36000, 0x00000195fce3a000, 0x00000195fce3c800,
0x00000195fce3e800, 0x00000195fd8ed000, 0x00000195fda65800, 0x00000195fdc30000,
0x00000195febbf000, 0x00000195ff3d1800, 0x00000195ff154800, 0x000001958f4e2800,
0x00000195ff10c800, 0x00000195ff533800, 0x000001958f986800, 0x00000195ff094800,
0x00000195ff094000, 0x00000195ff096800, 0x00000195ff36a800
}

Java Threads: ( => current thread )
  0x00000195ee8ac000 JavaThread "main" [_thread_blocked, id=18316, stack(0x0000004694a00000,0x0000004694b00000)]
  0x00000195fce1b000 JavaThread "Reference Handler" daemon [_thread_blocked, id=8268, stack(0x0000004695100000,0x0000004695200000)]
  0x00000195fce1c800 JavaThread "Finalizer" daemon [_thread_blocked, id=5096, stack(0x0000004695200000,0x0000004695300000)]
  0x00000195fd7b2800 JavaThread "Signal Dispatcher" daemon [_thread_blocked, id=18464, stack(0x0000004695300000,0x0000004695400000)]
  0x00000195fce35000 JavaThread "Attach Listener" daemon [_thread_blocked, id=26552, stack(0x0000004695400000,0x0000004695500000)]
  0x00000195fce36000 JavaThread "Service Thread" daemon [_thread_blocked, id=25328, stack(0x0000004695500000,0x0000004695600000)]
=>0x00000195fce3a000 JavaThread "C2 CompilerThread0" daemon [_thread_in_native, id=13668, stack(0x0000004695600000,0x0000004695700000)]
  0x00000195fce3c800 JavaThread "C1 CompilerThread0" daemon [_thread_blocked, id=27652, stack(0x0000004695700000,0x0000004695800000)]
  0x00000195fce3e800 JavaThread "Sweeper thread" daemon [_thread_blocked, id=19940, stack(0x0000004695800000,0x0000004695900000)]
  0x00000195fd8ed000 JavaThread "Common-Cleaner" daemon [_thread_blocked, id=26188, stack(0x0000004695a00000,0x0000004695b00000)]
  0x00000195fda65800 JavaThread "surefire-forkedjvm-command-thread" daemon [_thread_in_native, id=1244, stack(0x0000004695b00000,0x0000004695c00000)]
  0x00000195fdc30000 JavaThread "surefire-forkedjvm-ping-30s" daemon [_thread_blocked, id=7940, stack(0x0000004695c00000,0x0000004695d00000)]
  0x00000195febbf000 JavaThread "Forwarding newSession on session null to remote" daemon [_thread_in_native, id=8376, stack(0x0000004696100000,0x0000004696200000)]
  0x00000195ff3d1800 JavaThread "ForkJoinPool.commonPool-worker-3" daemon [_thread_blocked, id=27752, stack(0x0000004696200000,0x0000004696300000)]
  0x00000195ff154800 JavaThread "AsyncHttpClient-1-1" daemon [_thread_blocked, id=19000, stack(0x0000004696300000,0x0000004696400000)]
  0x000001958f4e2800 JavaThread "Exec Default Executor" daemon [_thread_in_native, id=23112, stack(0x0000004696400000,0x0000004696500000)]
  0x00000195ff10c800 JavaThread "Driver Service Executor" daemon [_thread_blocked, id=26584, stack(0x0000004696500000,0x0000004696600000)]
  0x00000195ff533800 JavaThread "Driver Service Executor" daemon [_thread_blocked, id=17688, stack(0x0000004696600000,0x0000004696700000)]
  0x000001958f986800 JavaThread "UrlChecker-2" daemon [_thread_blocked, id=23520, stack(0x0000004696700000,0x0000004696800000)]
  0x00000195ff094800 JavaThread "Exec Stream Pumper" daemon [_thread_in_native, id=11612, stack(0x0000004696800000,0x0000004696900000)]
  0x00000195ff094000 JavaThread "Exec Stream Pumper" daemon [_thread_in_native, id=27128, stack(0x0000004696900000,0x0000004696a00000)]
  0x00000195ff096800 JavaThread "Keep-Alive-Timer" daemon [_thread_blocked, id=27056, stack(0x0000004696000000,0x0000004696100000)]
  0x00000195ff36a800 JavaThread "C2 CompilerThread1" daemon [_thread_in_native, id=4624, stack(0x0000004696b00000,0x0000004696c00000)]

Other Threads:
  0x00000195fcdf4000 VMThread "VM Thread" [stack: 0x0000004695000000,0x0000004695100000] [id=9188]
  0x00000195fd8e3800 WatcherThread [stack: 0x0000004695900000,0x0000004695a00000] [id=19696]
  0x00000195ee8c1000 GCTaskThread "GC Thread#0" [stack: 0x0000004694b00000,0x0000004694c00000] [id=25476]
  0x00000195fe0cf000 GCTaskThread "GC Thread#1" [stack: 0x0000004695d00000,0x0000004695e00000] [id=19460]
  0x00000195fdf52000 GCTaskThread "GC Thread#2" [stack: 0x0000004695e00000,0x0000004695f00000] [id=7740]
  0x00000195ee8eb800 ConcurrentGCThread "G1 Main Marker" [stack: 0x0000004694c00000,0x0000004694d00000] [id=24836]
  0x00000195ee8ed800 ConcurrentGCThread "G1 Conc#0" [stack: 0x0000004694d00000,0x0000004694e00000] [id=13016]
  0x00000195ee97e000 ConcurrentGCThread "G1 Refine#0" [stack: 0x0000004694e00000,0x0000004694f00000] [id=22916]
  0x00000195fdadb800 ConcurrentGCThread "G1 Refine#1" [stack: 0x0000004695f00000,0x0000004696000000] [id=14180]
  0x00000195ee981000 ConcurrentGCThread "G1 Young RemSet Sampling" [stack: 0x0000004694f00000,0x0000004695000000] [id=12416]

Threads with active compile tasks:
C2 CompilerThread0   6966 2784   !   4       jdk.internal.loader.BuiltinClassLoader::loadClassOrNull (143 bytes)
C2 CompilerThread1   6966 2807       4       java.lang.invoke.MethodType::makeImpl (108 bytes)

VM state:not at safepoint (normal execution)

VM Mutex/Monitor currently owned by a thread: None

Heap address: 0x0000000083a00000, size: 1990 MB, Compressed Oops mode: 32-bit
Narrow klass base: 0x0000000000000000, Narrow klass shift: 3
Compressed class space size: 1073741824 Address: 0x0000000100000000

Heap:
 garbage-first heap   total 129024K, used 37028K [0x0000000083a00000, 0x0000000100000000)
  region size 1024K, 30 young (30720K), 7 survivors (7168K)
 Metaspace       used 33872K, capacity 34732K, committed 34992K, reserved 1079296K
  class space    used 3894K, capacity 4281K, committed 4352K, reserved 1048576K
Heap Regions: E=young(eden), S=young(survivor), O=old, HS=humongous(starts), HC=humongous(continues), CS=collection set, F=free, A=archive, TAMS=top-at-mark-start (previous, next)
|   0|0x0000000083a00000, 0x0000000083b00000, 0x0000000083b00000|100%| O|  |TAMS 0x0000000083b00000, 0x0000000083a00000| Untracked 
|   1|0x0000000083b00000, 0x0000000083c00000, 0x0000000083c00000|100%| O|  |TAMS 0x0000000083c00000, 0x0000000083b00000| Untracked 
|   2|0x0000000083c00000, 0x0000000083d00000, 0x0000000083d00000|100%| O|  |TAMS 0x0000000083d00000, 0x0000000083c00000| Untracked 
|   3|0x0000000083d00000, 0x0000000083e00000, 0x0000000083e00000|100%| O|  |TAMS 0x0000000083e00000, 0x0000000083d00000| Untracked 
|   4|0x0000000083e00000, 0x0000000083f00000, 0x0000000083f00000|100%| O|  |TAMS 0x0000000083f00000, 0x0000000083e00000| Untracked 
|   5|0x0000000083f00000, 0x0000000084000000, 0x0000000084000000|100%| O|  |TAMS 0x0000000084000000, 0x0000000083f00000| Untracked 
|   6|0x0000000084000000, 0x0000000084100000, 0x0000000084100000|100%| O|  |TAMS 0x0000000084100000, 0x0000000084000000| Untracked 
|   7|0x0000000084100000, 0x0000000084129200, 0x0000000084200000| 16%| O|  |TAMS 0x0000000084129200, 0x0000000084100000| Untracked 
|   8|0x0000000084200000, 0x0000000084200000, 0x0000000084300000|  0%| F|  |TAMS 0x0000000084200000, 0x0000000084200000| Untracked 
|   9|0x0000000084300000, 0x0000000084300000, 0x0000000084400000|  0%| F|  |TAMS 0x0000000084300000, 0x0000000084300000| Untracked 
|  10|0x0000000084400000, 0x0000000084400000, 0x0000000084500000|  0%| F|  |TAMS 0x0000000084400000, 0x0000000084400000| Untracked 
|  11|0x0000000084500000, 0x0000000084500000, 0x0000000084600000|  0%| F|  |TAMS 0x0000000084500000, 0x0000000084500000| Untracked 
|  12|0x0000000084600000, 0x0000000084600000, 0x0000000084700000|  0%| F|  |TAMS 0x0000000084600000, 0x0000000084600000| Untracked 
|  13|0x0000000084700000, 0x0000000084700000, 0x0000000084800000|  0%| F|  |TAMS 0x0000000084700000, 0x0000000084700000| Untracked 
|  14|0x0000000084800000, 0x0000000084800000, 0x0000000084900000|  0%| F|  |TAMS 0x0000000084800000, 0x0000000084800000| Untracked 
|  15|0x0000000084900000, 0x0000000084900000, 0x0000000084a00000|  0%| F|  |TAMS 0x0000000084900000, 0x0000000084900000| Untracked 
|  16|0x0000000084a00000, 0x0000000084a00000, 0x0000000084b00000|  0%| F|  |TAMS 0x0000000084a00000, 0x0000000084a00000| Untracked 
|  17|0x0000000084b00000, 0x0000000084b00000, 0x0000000084c00000|  0%| F|  |TAMS 0x0000000084b00000, 0x0000000084b00000| Untracked 
|  18|0x0000000084c00000, 0x0000000084c00000, 0x0000000084d00000|  0%| F|  |TAMS 0x0000000084c00000, 0x0000000084c00000| Untracked 
|  19|0x0000000084d00000, 0x0000000084d00000, 0x0000000084e00000|  0%| F|  |TAMS 0x0000000084d00000, 0x0000000084d00000| Untracked 
|  20|0x0000000084e00000, 0x0000000084e00000, 0x0000000084f00000|  0%| F|  |TAMS 0x0000000084e00000, 0x0000000084e00000| Untracked 
|  21|0x0000000084f00000, 0x0000000084f00000, 0x0000000085000000|  0%| F|  |TAMS 0x0000000084f00000, 0x0000000084f00000| Untracked 
|  22|0x0000000085000000, 0x0000000085000000, 0x0000000085100000|  0%| F|  |TAMS 0x0000000085000000, 0x0000000085000000| Untracked 
|  23|0x0000000085100000, 0x0000000085100000, 0x0000000085200000|  0%| F|  |TAMS 0x0000000085100000, 0x0000000085100000| Untracked 
|  24|0x0000000085200000, 0x0000000085200000, 0x0000000085300000|  0%| F|  |TAMS 0x0000000085200000, 0x0000000085200000| Untracked 
|  25|0x0000000085300000, 0x0000000085300000, 0x0000000085400000|  0%| F|  |TAMS 0x0000000085300000, 0x0000000085300000| Untracked 
|  26|0x0000000085400000, 0x0000000085400000, 0x0000000085500000|  0%| F|  |TAMS 0x0000000085400000, 0x0000000085400000| Untracked 
|  27|0x0000000085500000, 0x0000000085500000, 0x0000000085600000|  0%| F|  |TAMS 0x0000000085500000, 0x0000000085500000| Untracked 
|  28|0x0000000085600000, 0x0000000085600000, 0x0000000085700000|  0%| F|  |TAMS 0x0000000085600000, 0x0000000085600000| Untracked 
|  29|0x0000000085700000, 0x0000000085700000, 0x0000000085800000|  0%| F|  |TAMS 0x0000000085700000, 0x0000000085700000| Untracked 
|  30|0x0000000085800000, 0x0000000085800000, 0x0000000085900000|  0%| F|  |TAMS 0x0000000085800000, 0x0000000085800000| Untracked 
|  31|0x0000000085900000, 0x0000000085900000, 0x0000000085a00000|  0%| F|  |TAMS 0x0000000085900000, 0x0000000085900000| Untracked 
|  32|0x0000000085a00000, 0x0000000085a00000, 0x0000000085b00000|  0%| F|  |TAMS 0x0000000085a00000, 0x0000000085a00000| Untracked 
|  33|0x0000000085b00000, 0x0000000085b00000, 0x0000000085c00000|  0%| F|  |TAMS 0x0000000085b00000, 0x0000000085b00000| Untracked 
|  34|0x0000000085c00000, 0x0000000085c00000, 0x0000000085d00000|  0%| F|  |TAMS 0x0000000085c00000, 0x0000000085c00000| Untracked 
|  35|0x0000000085d00000, 0x0000000085d00000, 0x0000000085e00000|  0%| F|  |TAMS 0x0000000085d00000, 0x0000000085d00000| Untracked 
|  36|0x0000000085e00000, 0x0000000085e00000, 0x0000000085f00000|  0%| F|  |TAMS 0x0000000085e00000, 0x0000000085e00000| Untracked 
|  37|0x0000000085f00000, 0x0000000085f00000, 0x0000000086000000|  0%| F|  |TAMS 0x0000000085f00000, 0x0000000085f00000| Untracked 
|  38|0x0000000086000000, 0x0000000086000000, 0x0000000086100000|  0%| F|  |TAMS 0x0000000086000000, 0x0000000086000000| Untracked 
|  39|0x0000000086100000, 0x0000000086100000, 0x0000000086200000|  0%| F|  |TAMS 0x0000000086100000, 0x0000000086100000| Untracked 
|  40|0x0000000086200000, 0x0000000086200000, 0x0000000086300000|  0%| F|  |TAMS 0x0000000086200000, 0x0000000086200000| Untracked 
|  41|0x0000000086300000, 0x0000000086300000, 0x0000000086400000|  0%| F|  |TAMS 0x0000000086300000, 0x0000000086300000| Untracked 
|  42|0x0000000086400000, 0x0000000086400000, 0x0000000086500000|  0%| F|  |TAMS 0x0000000086400000, 0x0000000086400000| Untracked 
|  43|0x0000000086500000, 0x0000000086500000, 0x0000000086600000|  0%| F|  |TAMS 0x0000000086500000, 0x0000000086500000| Untracked 
|  44|0x0000000086600000, 0x0000000086600000, 0x0000000086700000|  0%| F|  |TAMS 0x0000000086600000, 0x0000000086600000| Untracked 
|  45|0x0000000086700000, 0x0000000086700000, 0x0000000086800000|  0%| F|  |TAMS 0x0000000086700000, 0x0000000086700000| Untracked 
|  46|0x0000000086800000, 0x0000000086800000, 0x0000000086900000|  0%| F|  |TAMS 0x0000000086800000, 0x0000000086800000| Untracked 
|  47|0x0000000086900000, 0x0000000086900000, 0x0000000086a00000|  0%| F|  |TAMS 0x0000000086900000, 0x0000000086900000| Untracked 
|  48|0x0000000086a00000, 0x0000000086a00000, 0x0000000086b00000|  0%| F|  |TAMS 0x0000000086a00000, 0x0000000086a00000| Untracked 
|  49|0x0000000086b00000, 0x0000000086b00000, 0x0000000086c00000|  0%| F|  |TAMS 0x0000000086b00000, 0x0000000086b00000| Untracked 
|  50|0x0000000086c00000, 0x0000000086c00000, 0x0000000086d00000|  0%| F|  |TAMS 0x0000000086c00000, 0x0000000086c00000| Untracked 
|  51|0x0000000086d00000, 0x0000000086e00000, 0x0000000086e00000|100%| S|CS|TAMS 0x0000000086d00000, 0x0000000086d00000| Complete 
|  52|0x0000000086e00000, 0x0000000086f00000, 0x0000000086f00000|100%| S|CS|TAMS 0x0000000086e00000, 0x0000000086e00000| Complete 
|  53|0x0000000086f00000, 0x0000000087000000, 0x0000000087000000|100%| S|CS|TAMS 0x0000000086f00000, 0x0000000086f00000| Complete 
|  54|0x0000000087000000, 0x0000000087100000, 0x0000000087100000|100%| S|CS|TAMS 0x0000000087000000, 0x0000000087000000| Complete 
|  55|0x0000000087100000, 0x0000000087200000, 0x0000000087200000|100%| S|CS|TAMS 0x0000000087100000, 0x0000000087100000| Complete 
|  56|0x0000000087200000, 0x0000000087300000, 0x0000000087300000|100%| S|CS|TAMS 0x0000000087200000, 0x0000000087200000| Complete 
|  57|0x0000000087300000, 0x0000000087400000, 0x0000000087400000|100%| S|CS|TAMS 0x0000000087300000, 0x0000000087300000| Complete 
|  58|0x0000000087400000, 0x0000000087400000, 0x0000000087500000|  0%| F|  |TAMS 0x0000000087400000, 0x0000000087400000| Untracked 
|  59|0x0000000087500000, 0x0000000087500000, 0x0000000087600000|  0%| F|  |TAMS 0x0000000087500000, 0x0000000087500000| Untracked 
|  60|0x0000000087600000, 0x0000000087600000, 0x0000000087700000|  0%| F|  |TAMS 0x0000000087600000, 0x0000000087600000| Untracked 
|  61|0x0000000087700000, 0x0000000087700000, 0x0000000087800000|  0%| F|  |TAMS 0x0000000087700000, 0x0000000087700000| Untracked 
|  62|0x0000000087800000, 0x0000000087800000, 0x0000000087900000|  0%| F|  |TAMS 0x0000000087800000, 0x0000000087800000| Untracked 
|  63|0x0000000087900000, 0x0000000087900000, 0x0000000087a00000|  0%| F|  |TAMS 0x0000000087900000, 0x0000000087900000| Untracked 
|  64|0x0000000087a00000, 0x0000000087a00000, 0x0000000087b00000|  0%| F|  |TAMS 0x0000000087a00000, 0x0000000087a00000| Untracked 
|  65|0x0000000087b00000, 0x0000000087b00000, 0x0000000087c00000|  0%| F|  |TAMS 0x0000000087b00000, 0x0000000087b00000| Untracked 
|  66|0x0000000087c00000, 0x0000000087c00000, 0x0000000087d00000|  0%| F|  |TAMS 0x0000000087c00000, 0x0000000087c00000| Untracked 
|  67|0x0000000087d00000, 0x0000000087d00000, 0x0000000087e00000|  0%| F|  |TAMS 0x0000000087d00000, 0x0000000087d00000| Untracked 
|  68|0x0000000087e00000, 0x0000000087e00000, 0x0000000087f00000|  0%| F|  |TAMS 0x0000000087e00000, 0x0000000087e00000| Untracked 
|  69|0x0000000087f00000, 0x0000000087f00000, 0x0000000088000000|  0%| F|  |TAMS 0x0000000087f00000, 0x0000000087f00000| Untracked 
|  70|0x0000000088000000, 0x0000000088000000, 0x0000000088100000|  0%| F|  |TAMS 0x0000000088000000, 0x0000000088000000| Untracked 
|  71|0x0000000088100000, 0x0000000088100000, 0x0000000088200000|  0%| F|  |TAMS 0x0000000088100000, 0x0000000088100000| Untracked 
|  72|0x0000000088200000, 0x0000000088200000, 0x0000000088300000|  0%| F|  |TAMS 0x0000000088200000, 0x0000000088200000| Untracked 
|  73|0x0000000088300000, 0x0000000088300000, 0x0000000088400000|  0%| F|  |TAMS 0x0000000088300000, 0x0000000088300000| Untracked 
|  74|0x0000000088400000, 0x0000000088400000, 0x0000000088500000|  0%| F|  |TAMS 0x0000000088400000, 0x0000000088400000| Untracked 
|  75|0x0000000088500000, 0x0000000088500000, 0x0000000088600000|  0%| F|  |TAMS 0x0000000088500000, 0x0000000088500000| Untracked 
|  76|0x0000000088600000, 0x0000000088600000, 0x0000000088700000|  0%| F|  |TAMS 0x0000000088600000, 0x0000000088600000| Untracked 
|  77|0x0000000088700000, 0x0000000088700000, 0x0000000088800000|  0%| F|  |TAMS 0x0000000088700000, 0x0000000088700000| Untracked 
|  78|0x0000000088800000, 0x0000000088800000, 0x0000000088900000|  0%| F|  |TAMS 0x0000000088800000, 0x0000000088800000| Untracked 
|  79|0x0000000088900000, 0x0000000088900000, 0x0000000088a00000|  0%| F|  |TAMS 0x0000000088900000, 0x0000000088900000| Untracked 
|  80|0x0000000088a00000, 0x0000000088a00000, 0x0000000088b00000|  0%| F|  |TAMS 0x0000000088a00000, 0x0000000088a00000| Untracked 
|  81|0x0000000088b00000, 0x0000000088b00000, 0x0000000088c00000|  0%| F|  |TAMS 0x0000000088b00000, 0x0000000088b00000| Untracked 
|  82|0x0000000088c00000, 0x0000000088c00000, 0x0000000088d00000|  0%| F|  |TAMS 0x0000000088c00000, 0x0000000088c00000| Untracked 
|  83|0x0000000088d00000, 0x0000000088d00000, 0x0000000088e00000|  0%| F|  |TAMS 0x0000000088d00000, 0x0000000088d00000| Untracked 
|  84|0x0000000088e00000, 0x0000000088e00000, 0x0000000088f00000|  0%| F|  |TAMS 0x0000000088e00000, 0x0000000088e00000| Untracked 
|  85|0x0000000088f00000, 0x0000000088f00000, 0x0000000089000000|  0%| F|  |TAMS 0x0000000088f00000, 0x0000000088f00000| Untracked 
|  86|0x0000000089000000, 0x0000000089000000, 0x0000000089100000|  0%| F|  |TAMS 0x0000000089000000, 0x0000000089000000| Untracked 
|  87|0x0000000089100000, 0x0000000089100000, 0x0000000089200000|  0%| F|  |TAMS 0x0000000089100000, 0x0000000089100000| Untracked 
|  88|0x0000000089200000, 0x0000000089200000, 0x0000000089300000|  0%| F|  |TAMS 0x0000000089200000, 0x0000000089200000| Untracked 
|  89|0x0000000089300000, 0x0000000089300000, 0x0000000089400000|  0%| F|  |TAMS 0x0000000089300000, 0x0000000089300000| Untracked 
|  90|0x0000000089400000, 0x0000000089400000, 0x0000000089500000|  0%| F|  |TAMS 0x0000000089400000, 0x0000000089400000| Untracked 
|  91|0x0000000089500000, 0x0000000089500000, 0x0000000089600000|  0%| F|  |TAMS 0x0000000089500000, 0x0000000089500000| Untracked 
|  92|0x0000000089600000, 0x0000000089600000, 0x0000000089700000|  0%| F|  |TAMS 0x0000000089600000, 0x0000000089600000| Untracked 
|  93|0x0000000089700000, 0x0000000089700000, 0x0000000089800000|  0%| F|  |TAMS 0x0000000089700000, 0x0000000089700000| Untracked 
|  94|0x0000000089800000, 0x0000000089800000, 0x0000000089900000|  0%| F|  |TAMS 0x0000000089800000, 0x0000000089800000| Untracked 
|  95|0x0000000089900000, 0x0000000089900000, 0x0000000089a00000|  0%| F|  |TAMS 0x0000000089900000, 0x0000000089900000| Untracked 
|  96|0x0000000089a00000, 0x0000000089a00000, 0x0000000089b00000|  0%| F|  |TAMS 0x0000000089a00000, 0x0000000089a00000| Untracked 
|  97|0x0000000089b00000, 0x0000000089b00000, 0x0000000089c00000|  0%| F|  |TAMS 0x0000000089b00000, 0x0000000089b00000| Untracked 
|  98|0x0000000089c00000, 0x0000000089c00000, 0x0000000089d00000|  0%| F|  |TAMS 0x0000000089c00000, 0x0000000089c00000| Untracked 
|  99|0x0000000089d00000, 0x0000000089d00000, 0x0000000089e00000|  0%| F|  |TAMS 0x0000000089d00000, 0x0000000089d00000| Untracked 
| 100|0x0000000089e00000, 0x0000000089e00000, 0x0000000089f00000|  0%| F|  |TAMS 0x0000000089e00000, 0x0000000089e00000| Untracked 
| 101|0x0000000089f00000, 0x0000000089f00000, 0x000000008a000000|  0%| F|  |TAMS 0x0000000089f00000, 0x0000000089f00000| Untracked 
| 102|0x000000008a000000, 0x000000008a000000, 0x000000008a100000|  0%| F|  |TAMS 0x000000008a000000, 0x000000008a000000| Untracked 
| 103|0x000000008a100000, 0x000000008a100800, 0x000000008a200000|  0%| E|  |TAMS 0x000000008a100000, 0x000000008a100000| Complete 
| 104|0x000000008a200000, 0x000000008a300000, 0x000000008a300000|100%| E|CS|TAMS 0x000000008a200000, 0x000000008a200000| Complete 
| 105|0x000000008a300000, 0x000000008a400000, 0x000000008a400000|100%| E|CS|TAMS 0x000000008a300000, 0x000000008a300000| Complete 
| 106|0x000000008a400000, 0x000000008a500000, 0x000000008a500000|100%| E|CS|TAMS 0x000000008a400000, 0x000000008a400000| Complete 
| 107|0x000000008a500000, 0x000000008a600000, 0x000000008a600000|100%| E|CS|TAMS 0x000000008a500000, 0x000000008a500000| Complete 
| 108|0x000000008a600000, 0x000000008a700000, 0x000000008a700000|100%| E|CS|TAMS 0x000000008a600000, 0x000000008a600000| Complete 
| 109|0x000000008a700000, 0x000000008a800000, 0x000000008a800000|100%| E|CS|TAMS 0x000000008a700000, 0x000000008a700000| Complete 
| 110|0x000000008a800000, 0x000000008a900000, 0x000000008a900000|100%| E|CS|TAMS 0x000000008a800000, 0x000000008a800000| Complete 
| 111|0x000000008a900000, 0x000000008aa00000, 0x000000008aa00000|100%| E|CS|TAMS 0x000000008a900000, 0x000000008a900000| Complete 
| 112|0x000000008aa00000, 0x000000008ab00000, 0x000000008ab00000|100%| E|CS|TAMS 0x000000008aa00000, 0x000000008aa00000| Complete 
| 113|0x000000008ab00000, 0x000000008ac00000, 0x000000008ac00000|100%| E|CS|TAMS 0x000000008ab00000, 0x000000008ab00000| Complete 
| 114|0x000000008ac00000, 0x000000008ad00000, 0x000000008ad00000|100%| E|CS|TAMS 0x000000008ac00000, 0x000000008ac00000| Complete 
| 115|0x000000008ad00000, 0x000000008ae00000, 0x000000008ae00000|100%| E|CS|TAMS 0x000000008ad00000, 0x000000008ad00000| Complete 
| 116|0x000000008ae00000, 0x000000008af00000, 0x000000008af00000|100%| E|CS|TAMS 0x000000008ae00000, 0x000000008ae00000| Complete 
| 117|0x000000008af00000, 0x000000008b000000, 0x000000008b000000|100%| E|CS|TAMS 0x000000008af00000, 0x000000008af00000| Complete 
| 118|0x000000008b000000, 0x000000008b100000, 0x000000008b100000|100%| E|CS|TAMS 0x000000008b000000, 0x000000008b000000| Complete 
| 119|0x000000008b100000, 0x000000008b200000, 0x000000008b200000|100%| E|CS|TAMS 0x000000008b100000, 0x000000008b100000| Complete 
| 120|0x000000008b200000, 0x000000008b300000, 0x000000008b300000|100%| E|CS|TAMS 0x000000008b200000, 0x000000008b200000| Complete 
| 121|0x000000008b300000, 0x000000008b400000, 0x000000008b400000|100%| E|CS|TAMS 0x000000008b300000, 0x000000008b300000| Complete 
| 122|0x000000008b400000, 0x000000008b500000, 0x000000008b500000|100%| E|CS|TAMS 0x000000008b400000, 0x000000008b400000| Complete 
| 123|0x000000008b500000, 0x000000008b600000, 0x000000008b600000|100%| E|CS|TAMS 0x000000008b500000, 0x000000008b500000| Complete 
| 124|0x000000008b600000, 0x000000008b700000, 0x000000008b700000|100%| E|CS|TAMS 0x000000008b600000, 0x000000008b600000| Complete 
| 125|0x000000008b700000, 0x000000008b800000, 0x000000008b800000|100%| E|CS|TAMS 0x000000008b700000, 0x000000008b700000| Complete 

Card table byte_map: [0x00000195f6320000,0x00000195f6710000] _byte_map_base: 0x00000195f5f03000

Marking Bits (Prev, Next): (CMBitMap*) 0x00000195ec75e900, (CMBitMap*) 0x00000195ec75e8c8
 Prev Bits: [0x00000195f8a20000, 0x00000195fa938000)
 Next Bits: [0x00000195f6b00000, 0x00000195f8a18000)

Polling page: 0x00000195ee090000

Metaspace:

Usage:
  Non-class:     29.74 MB capacity,    29.28 MB ( 98%) used,   372.96 KB (  1%) free+waste,   100.00 KB ( <1%) overhead. 
      Class:      4.18 MB capacity,     3.80 MB ( 91%) used,   335.08 KB (  8%) free+waste,    51.06 KB (  1%) overhead. 
       Both:     33.92 MB capacity,    33.08 MB ( 98%) used,   708.04 KB (  2%) free+waste,   151.06 KB ( <1%) overhead. 

Virtual space:
  Non-class space:       30.00 MB reserved,      29.92 MB (>99%) committed 
      Class space:        1.00 GB reserved,       4.25 MB ( <1%) committed 
             Both:        1.03 GB reserved,      34.17 MB (  3%) committed 

Chunk freelists:
   Non-Class:  0 bytes
       Class:  896 bytes
        Both:  896 bytes

CodeHeap 'non-profiled nmethods': size=120064Kb used=1222Kb max_used=1222Kb free=118841Kb
 bounds [0x0000019587ac0000, 0x0000019587d30000, 0x000001958f000000]
CodeHeap 'profiled nmethods': size=120000Kb used=5976Kb max_used=5976Kb free=114023Kb
 bounds [0x0000019580590000, 0x0000019580b70000, 0x0000019587ac0000]
CodeHeap 'non-nmethods': size=5696Kb used=1181Kb max_used=1194Kb free=4514Kb
 bounds [0x0000019580000000, 0x0000019580270000, 0x0000019580590000]
 total_blobs=3308 nmethods=2800 adapters=419
 compilation: enabled
              stopped_count=0, restarted_count=0
 full_count=0

Compilation events (10 events):
Event: 6.847 Thread 0x00000195ff36a800 2798       4       jdk.internal.org.objectweb.asm.ByteVector::putInt (74 bytes)
Event: 6.847 Thread 0x00000195fce3c800 nmethod 2802 0x0000019580b63990 code [0x0000019580b63b80, 0x0000019580b64138]
Event: 6.847 Thread 0x00000195fce3c800 2803       3       java.lang.invoke.MemberName::<init> (25 bytes)
Event: 6.847 Thread 0x00000195fce3c800 nmethod 2803 0x0000019580b64410 code [0x0000019580b645e0, 0x0000019580b64808]
Event: 6.847 Thread 0x00000195fce3c800 2804       3       java.lang.invoke.MethodHandles$Lookup::resolveOrFail (42 bytes)
Event: 6.848 Thread 0x00000195fce3c800 nmethod 2804 0x0000019580b64910 code [0x0000019580b64b80, 0x0000019580b65488]
Event: 6.848 Thread 0x00000195ff36a800 nmethod 2798 0x0000019587bf0f10 code [0x0000019587bf10a0, 0x0000019587bf11d8]
Event: 6.848 Thread 0x00000195ff36a800 2807       4       java.lang.invoke.MethodType::makeImpl (108 bytes)
Event: 6.848 Thread 0x00000195fce3c800 2810       3       java.lang.invoke.InvokerBytecodeGenerator::assertStaticType (58 bytes)
Event: 6.849 Thread 0x00000195fce3c800 nmethod 2810 0x0000019580b65890 code [0x0000019580b65a60, 0x0000019580b65f38]

GC Heap History (10 events):
Event: 1.077 GC heap before
{Heap before GC invocations=1 (full 0):
 garbage-first heap   total 129024K, used 17245K [0x0000000083a00000, 0x0000000100000000)
  region size 1024K, 12 young (12288K), 2 survivors (2048K)
 Metaspace       used 10086K, capacity 10275K, committed 10496K, reserved 1058816K
  class space    used 942K, capacity 1006K, committed 1024K, reserved 1048576K
}
Event: 1.080 GC heap after
{Heap after GC invocations=2 (full 0):
 garbage-first heap   total 129024K, used 7611K [0x0000000083a00000, 0x0000000100000000)
  region size 1024K, 1 young (1024K), 1 survivors (1024K)
 Metaspace       used 10086K, capacity 10275K, committed 10496K, reserved 1058816K
  class space    used 942K, capacity 1006K, committed 1024K, reserved 1048576K
}
Event: 2.086 GC heap before
{Heap before GC invocations=2 (full 0):
 garbage-first heap   total 129024K, used 32187K [0x0000000083a00000, 0x0000000100000000)
  region size 1024K, 25 young (25600K), 1 survivors (1024K)
 Metaspace       used 15058K, capacity 15414K, committed 15616K, reserved 1062912K
  class space    used 1533K, capacity 1675K, committed 1792K, reserved 1048576K
}
Event: 2.090 GC heap after
{Heap after GC invocations=3 (full 0):
 garbage-first heap   total 129024K, used 8888K [0x0000000083a00000, 0x0000000100000000)
  region size 1024K, 2 young (2048K), 2 survivors (2048K)
 Metaspace       used 15058K, capacity 15414K, committed 15616K, reserved 1062912K
  class space    used 1533K, capacity 1675K, committed 1792K, reserved 1048576K
}
Event: 2.801 GC heap before
{Heap before GC invocations=3 (full 0):
 garbage-first heap   total 129024K, used 64184K [0x0000000083a00000, 0x0000000100000000)
  region size 1024K, 56 young (57344K), 2 survivors (2048K)
 Metaspace       used 20316K, capacity 20824K, committed 21120K, reserved 1069056K
  class space    used 2172K, capacity 2371K, committed 2432K, reserved 1048576K
}
Event: 2.805 GC heap after
{Heap after GC invocations=4 (full 0):
 garbage-first heap   total 129024K, used 9749K [0x0000000083a00000, 0x0000000100000000)
  region size 1024K, 3 young (3072K), 3 survivors (3072K)
 Metaspace       used 20316K, capacity 20824K, committed 21120K, reserved 1069056K
  class space    used 2172K, capacity 2371K, committed 2432K, reserved 1048576K
}
Event: 2.926 GC heap before
{Heap before GC invocations=4 (full 0):
 garbage-first heap   total 129024K, used 13845K [0x0000000083a00000, 0x0000000100000000)
  region size 1024K, 8 young (8192K), 3 survivors (3072K)
 Metaspace       used 20720K, capacity 21178K, committed 21296K, reserved 1069056K
  class space    used 2219K, capacity 2425K, committed 2432K, reserved 1048576K
}
Event: 2.931 GC heap after
{Heap after GC invocations=5 (full 0):
 garbage-first heap   total 129024K, used 10037K [0x0000000083a00000, 0x0000000100000000)
  region size 1024K, 3 young (3072K), 3 survivors (3072K)
 Metaspace       used 20720K, capacity 21178K, committed 21296K, reserved 1069056K
  class space    used 2219K, capacity 2425K, committed 2432K, reserved 1048576K
}
Event: 4.238 GC heap before
{Heap before GC invocations=6 (full 0):
 garbage-first heap   total 129024K, used 76597K [0x0000000083a00000, 0x0000000100000000)
  region size 1024K, 68 young (69632K), 3 survivors (3072K)
 Metaspace       used 30385K, capacity 31012K, committed 31280K, reserved 1077248K
  class space    used 3387K, capacity 3663K, committed 3712K, reserved 1048576K
}
Event: 4.249 GC heap after
{Heap after GC invocations=7 (full 0):
 garbage-first heap   total 129024K, used 14500K [0x0000000083a00000, 0x0000000100000000)
  region size 1024K, 7 young (7168K), 7 survivors (7168K)
 Metaspace       used 30385K, capacity 31012K, committed 31280K, reserved 1077248K
  class space    used 3387K, capacity 3663K, committed 3712K, reserved 1048576K
}

Deoptimization events (10 events):
Event: 3.903 Thread 0x00000195fdc30000 Uncommon trap: reason=class_check action=maybe_recompile pc=0x0000019587b56b20 method=java.util.regex.Pattern$BmpCharProperty.match(Ljava/util/regex/Matcher;ILjava/lang/CharSequence;)Z @ 14 c2
Event: 4.386 Thread 0x00000195febbf000 Uncommon trap: reason=unstable_if action=reinterpret pc=0x0000019587bde2e4 method=java.io.WinNTFileSystem.prefixLength(Ljava/lang/String;)I @ 25 c2
Event: 4.388 Thread 0x00000195febbf000 Uncommon trap: reason=unstable_if action=reinterpret pc=0x0000019587b510d4 method=java.lang.String.replace(CC)Ljava/lang/String; @ 2 c2
Event: 4.402 Thread 0x00000195ff10c800 Uncommon trap: reason=bimorphic_or_optimized_type_check action=maybe_recompile pc=0x0000019587b76220 method=java.net.URL.<init>(Ljava/net/URL;Ljava/lang/String;Ljava/net/URLStreamHandler;)V @ 504 c2
Event: 4.418 Thread 0x000001958f986800 Uncommon trap: reason=unstable_if action=reinterpret pc=0x0000019587b84c38 method=java.lang.CharacterDataLatin1.digit(II)I @ 12 c2
Event: 5.108 Thread 0x00000195fdc30000 Uncommon trap: reason=profile_predicate action=maybe_recompile pc=0x0000019587bdfb54 method=java.util.regex.Pattern$CharPropertyGreedy.match(Ljava/util/regex/Matcher;ILjava/lang/CharSequence;)Z @ 70 c2
Event: 5.108 Thread 0x00000195fdc30000 Uncommon trap: reason=profile_predicate action=maybe_recompile pc=0x0000019587bdfb54 method=java.util.regex.Pattern$CharPropertyGreedy.match(Ljava/util/regex/Matcher;ILjava/lang/CharSequence;)Z @ 70 c2
Event: 5.108 Thread 0x00000195fdc30000 Uncommon trap: reason=profile_predicate action=maybe_recompile pc=0x0000019587bdfb54 method=java.util.regex.Pattern$CharPropertyGreedy.match(Ljava/util/regex/Matcher;ILjava/lang/CharSequence;)Z @ 70 c2
Event: 5.109 Thread 0x00000195fdc30000 Uncommon trap: reason=profile_predicate action=maybe_recompile pc=0x0000019587bdfb54 method=java.util.regex.Pattern$CharPropertyGreedy.match(Ljava/util/regex/Matcher;ILjava/lang/CharSequence;)Z @ 70 c2
Event: 6.646 Thread 0x00000195febbf000 Uncommon trap: reason=unstable_if action=reinterpret pc=0x0000019587bca840 method=jdk.internal.org.objectweb.asm.Type.getArgumentsAndReturnSizes(Ljava/lang/String;)I @ 47 c2

Classes redefined (0 events):
No events

Internal exceptions (10 events):
Event: 6.827 Thread 0x00000195febbf000 Exception <a 'java/security/PrivilegedActionException'{0x000000008a218cf0}> (0x000000008a218cf0) thrown at [./open/src/hotspot/share/prims/jvm.cpp, line 1305]
Event: 6.827 Thread 0x00000195febbf000 Exception <a 'java/security/PrivilegedActionException'{0x000000008a219a60}> (0x000000008a219a60) thrown at [./open/src/hotspot/share/prims/jvm.cpp, line 1305]
Event: 6.827 Thread 0x00000195febbf000 Exception <a 'java/security/PrivilegedActionException'{0x000000008a21c380}> (0x000000008a21c380) thrown at [./open/src/hotspot/share/prims/jvm.cpp, line 1305]
Event: 6.827 Thread 0x00000195febbf000 Exception <a 'java/security/PrivilegedActionException'{0x000000008a21d0f0}> (0x000000008a21d0f0) thrown at [./open/src/hotspot/share/prims/jvm.cpp, line 1305]
Event: 6.828 Thread 0x00000195febbf000 Exception <a 'java/security/PrivilegedActionException'{0x000000008a226570}> (0x000000008a226570) thrown at [./open/src/hotspot/share/prims/jvm.cpp, line 1305]
Event: 6.828 Thread 0x00000195febbf000 Exception <a 'java/security/PrivilegedActionException'{0x000000008a227038}> (0x000000008a227038) thrown at [./open/src/hotspot/share/prims/jvm.cpp, line 1305]
Event: 6.828 Thread 0x00000195febbf000 Exception <a 'java/security/PrivilegedActionException'{0x000000008a2293c0}> (0x000000008a2293c0) thrown at [./open/src/hotspot/share/prims/jvm.cpp, line 1305]
Event: 6.828 Thread 0x00000195febbf000 Exception <a 'java/security/PrivilegedActionException'{0x000000008a229e88}> (0x000000008a229e88) thrown at [./open/src/hotspot/share/prims/jvm.cpp, line 1305]
Event: 6.828 Thread 0x00000195febbf000 Exception <a 'java/security/PrivilegedActionException'{0x000000008a22c440}> (0x000000008a22c440) thrown at [./open/src/hotspot/share/prims/jvm.cpp, line 1305]
Event: 6.828 Thread 0x00000195febbf000 Exception <a 'java/security/PrivilegedActionException'{0x000000008a22cf08}> (0x000000008a22cf08) thrown at [./open/src/hotspot/share/prims/jvm.cpp, line 1305]

Events (10 events):
Event: 6.846 loading class java/lang/invoke/BoundMethodHandle$Species_LLLLLLLLLII
Event: 6.846 loading class java/lang/invoke/BoundMethodHandle$Species_LLLLLLLLLII done
Event: 6.847 loading class java/lang/invoke/BoundMethodHandle$Species_LLLLLLLLLIIL
Event: 6.847 loading class java/lang/invoke/BoundMethodHandle$Species_LLLLLLLLLIIL done
Event: 6.850 loading class io/netty/util/internal/MacAddressUtil
Event: 6.850 loading class io/netty/util/internal/MacAddressUtil done
Event: 6.851 loading class io/netty/util/NetUtil
Event: 6.851 loading class io/netty/util/NetUtil done
Event: 6.853 loading class io/netty/util/NetUtilInitializations
Event: 6.853 loading class io/netty/util/NetUtilInitializations done


Dynamic libraries:
0x00007ff796570000 - 0x00007ff79657f000 	C:\Program Files\Java\jdk-11.0.14\bin\java.exe
0x00007ffd06960000 - 0x00007ffd06b69000 	C:\Windows\SYSTEM32\ntdll.dll
0x00007ffd05b50000 - 0x00007ffd05c0d000 	C:\Windows\System32\KERNEL32.DLL
0x00007ffd03e50000 - 0x00007ffd041c9000 	C:\Windows\System32\KERNELBASE.dll
0x00007ffd043e0000 - 0x00007ffd044f1000 	C:\Windows\System32\ucrtbase.dll
0x00007ffcfb040000 - 0x00007ffcfb058000 	C:\Program Files\Java\jdk-11.0.14\bin\jli.dll
0x00007ffd05d30000 - 0x00007ffd05dde000 	C:\Windows\System32\ADVAPI32.dll
0x00007ffd05510000 - 0x00007ffd055b3000 	C:\Windows\System32\msvcrt.dll
0x00007ffd05de0000 - 0x00007ffd05e7e000 	C:\Windows\System32\sechost.dll
0x00007ffd05c10000 - 0x00007ffd05d30000 	C:\Windows\System32\RPCRT4.dll
0x00007ffd05260000 - 0x00007ffd0540c000 	C:\Windows\System32\USER32.dll
0x00007ffd04750000 - 0x00007ffd04776000 	C:\Windows\System32\win32u.dll
0x00007ffd05b20000 - 0x00007ffd05b49000 	C:\Windows\System32\GDI32.dll
0x00007ffd04570000 - 0x00007ffd04682000 	C:\Windows\System32\gdi32full.dll
0x00007ffd041d0000 - 0x00007ffd0426d000 	C:\Windows\System32\msvcp_win.dll
0x00007ffcfae10000 - 0x00007ffcfae25000 	C:\Program Files\Java\jdk-11.0.14\bin\VCRUNTIME140.dll
0x00007ffcef3e0000 - 0x00007ffcef685000 	C:\Windows\WinSxS\amd64_microsoft.windows.common-controls_6595b64144ccf1df_6.0.22000.120_none_9d947278b86cc467\COMCTL32.dll
0x00007ffcfdf70000 - 0x00007ffcfdf7a000 	C:\Windows\SYSTEM32\VERSION.dll
0x00007ffd06020000 - 0x00007ffd06051000 	C:\Windows\System32\IMM32.DLL
0x00007ffceb9d0000 - 0x00007ffceba6b000 	C:\Program Files\Java\jdk-11.0.14\bin\msvcp140.dll
0x00007ffc87ef0000 - 0x00007ffc88a06000 	C:\Program Files\Java\jdk-11.0.14\bin\server\jvm.dll
0x00007ffd061b0000 - 0x00007ffd061b8000 	C:\Windows\System32\PSAPI.DLL
0x00007ffcf4110000 - 0x00007ffcf4119000 	C:\Windows\SYSTEM32\WSOCK32.dll
0x00007ffd05a50000 - 0x00007ffd05abf000 	C:\Windows\System32\WS2_32.dll
0x00007ffcfdf30000 - 0x00007ffcfdf63000 	C:\Windows\SYSTEM32\WINMM.dll
0x00007ffd03040000 - 0x00007ffd03058000 	C:\Windows\SYSTEM32\kernel.appcore.dll
0x00007ffcfc8d0000 - 0x00007ffcfc8e0000 	C:\Program Files\Java\jdk-11.0.14\bin\verify.dll
0x00007ffd019a0000 - 0x00007ffd01bc1000 	C:\Windows\SYSTEM32\DBGHELP.DLL
0x00007ffcfc350000 - 0x00007ffcfc381000 	C:\Windows\SYSTEM32\dbgcore.DLL
0x00007ffd04780000 - 0x00007ffd047ff000 	C:\Windows\System32\bcryptPrimitives.dll
0x00007ffcf0b10000 - 0x00007ffcf0b38000 	C:\Program Files\Java\jdk-11.0.14\bin\java.dll
0x00007ffcfc830000 - 0x00007ffcfc83a000 	C:\Program Files\Java\jdk-11.0.14\bin\jimage.dll
0x00007ffcfadf0000 - 0x00007ffcfae06000 	C:\Program Files\Java\jdk-11.0.14\bin\zip.dll
0x00007ffd04960000 - 0x00007ffd0510f000 	C:\Windows\System32\SHELL32.dll
0x00007ffd01fd0000 - 0x00007ffd02838000 	C:\Windows\SYSTEM32\windows.storage.dll
0x00007ffd055c0000 - 0x00007ffd05938000 	C:\Windows\System32\combase.dll
0x00007ffd01e60000 - 0x00007ffd01fc6000 	C:\Windows\SYSTEM32\wintypes.dll
0x00007ffd05940000 - 0x00007ffd05a2a000 	C:\Windows\System32\SHCORE.dll
0x00007ffd05200000 - 0x00007ffd0525d000 	C:\Windows\System32\shlwapi.dll
0x00007ffd03d80000 - 0x00007ffd03da1000 	C:\Windows\SYSTEM32\profapi.dll
0x00007ffcf41c0000 - 0x00007ffcf41d9000 	C:\Program Files\Java\jdk-11.0.14\bin\net.dll
0x00007ffcfc440000 - 0x00007ffcfc54c000 	C:\Windows\SYSTEM32\WINHTTP.dll
0x00007ffd03470000 - 0x00007ffd034d7000 	C:\Windows\system32\mswsock.dll
0x00007ffcf4180000 - 0x00007ffcf4192000 	C:\Program Files\Java\jdk-11.0.14\bin\nio.dll
0x00007ffcfef60000 - 0x00007ffcfef69000 	C:\Program Files\Java\jdk-11.0.14\bin\management.dll
0x00007ffcf8710000 - 0x00007ffcf871b000 	C:\Program Files\Java\jdk-11.0.14\bin\management_ext.dll
0x00007ffd036b0000 - 0x00007ffd036c8000 	C:\Windows\SYSTEM32\CRYPTSP.dll
0x00007ffd02fa0000 - 0x00007ffd02fd5000 	C:\Windows\system32\rsaenh.dll
0x00007ffd03560000 - 0x00007ffd03589000 	C:\Windows\SYSTEM32\USERENV.dll
0x00007ffd03830000 - 0x00007ffd03857000 	C:\Windows\SYSTEM32\bcrypt.dll
0x00007ffd036d0000 - 0x00007ffd036dc000 	C:\Windows\SYSTEM32\CRYPTBASE.dll
0x00007ffd02b70000 - 0x00007ffd02b9d000 	C:\Windows\SYSTEM32\IPHLPAPI.DLL
0x00007ffd067f0000 - 0x00007ffd067f9000 	C:\Windows\System32\NSI.dll
0x00007ffcfc090000 - 0x00007ffcfc0a9000 	C:\Windows\SYSTEM32\dhcpcsvc6.DLL
0x00007ffcfe0e0000 - 0x00007ffcfe0fe000 	C:\Windows\SYSTEM32\dhcpcsvc.DLL
0x00007ffd02ba0000 - 0x00007ffd02c88000 	C:\Windows\SYSTEM32\DNSAPI.dll
0x00007ffcefdc0000 - 0x00007ffcefde5000 	C:\Program Files\Java\jdk-11.0.14\bin\sunec.dll
0x00007ffcf84b0000 - 0x00007ffcf84ba000 	C:\Windows\System32\rasadhlp.dll
0x00007ffcf7e50000 - 0x00007ffcf7ed1000 	C:\Windows\System32\fwpuclnt.dll
0x00007ffcedcf0000 - 0x00007ffcedd07000 	C:\Windows\system32\napinsp.dll
0x00007ffced9d0000 - 0x00007ffced9eb000 	C:\Windows\system32\pnrpnsp.dll
0x00007ffceb150000 - 0x00007ffceb162000 	C:\Windows\System32\winrnr.dll
0x00007ffcfd110000 - 0x00007ffcfd125000 	C:\Windows\system32\wshbth.dll
0x00007ffcd1a30000 - 0x00007ffcd1a4f000 	C:\Windows\system32\nlansp_c.dll

dbghelp: loaded successfully - version: 4.0.5 - missing functions: none
symbol engine: initialized successfully - sym options: 0x614 - pdb path: .;C:\Program Files\Java\jdk-11.0.14\bin;C:\Windows\SYSTEM32;C:\Windows\WinSxS\amd64_microsoft.windows.common-controls_6595b64144ccf1df_6.0.22000.120_none_9d947278b86cc467;C:\Program Files\Java\jdk-11.0.14\bin\server

VM Arguments:
jvm_args: -Dfile.encoding=UTF-8 
java_command: C:\Users\ahka1\AppData\Local\Temp\surefire6537445720867541188\surefirebooter4705390632342274111.jar C:\Users\ahka1\AppData\Local\Temp\surefire6537445720867541188 2022-06-10T11-22-51_197-jvmRun2 surefire2490035712548834605tmp surefire_111917099228996406387tmp
java_class_path (initial): C:\Users\ahka1\AppData\Local\Temp\surefire6537445720867541188\surefirebooter4705390632342274111.jar
Launcher Type: SUN_STANDARD

[Global flags]
     intx CICompilerCount                          = 3                                         {product} {ergonomic}
     uint ConcGCThreads                            = 1                                         {product} {ergonomic}
     uint G1ConcRefinementThreads                  = 4                                         {product} {ergonomic}
   size_t G1HeapRegionSize                         = 1048576                                   {product} {ergonomic}
    uintx GCDrainStackTargetSize                   = 64                                        {product} {ergonomic}
   size_t InitialHeapSize                          = 132120576                                 {product} {ergonomic}
   size_t MarkStackSize                            = 4194304                                   {product} {ergonomic}
   size_t MaxHeapSize                              = 2086666240                                {product} {ergonomic}
   size_t MaxNewSize                               = 1251999744                                {product} {ergonomic}
   size_t MinHeapDeltaBytes                        = 1048576                                   {product} {ergonomic}
    uintx NonNMethodCodeHeapSize                   = 5830732                                {pd product} {ergonomic}
    uintx NonProfiledCodeHeapSize                  = 122913754                              {pd product} {ergonomic}
    uintx ProfiledCodeHeapSize                     = 122913754                              {pd product} {ergonomic}
    uintx ReservedCodeCacheSize                    = 251658240                              {pd product} {ergonomic}
     bool SegmentedCodeCache                       = true                                      {product} {ergonomic}
     bool UseCompressedClassPointers               = true                                 {lp64_product} {ergonomic}
     bool UseCompressedOops                        = true                                 {lp64_product} {ergonomic}
     bool UseG1GC                                  = true                                      {product} {ergonomic}
     bool UseLargePagesIndividualAllocation        = false                                  {pd product} {ergonomic}

Logging:
Log output configuration:
 #0: stdout all=warning uptime,level,tags
 #1: stderr all=off uptime,level,tags

Environment Variables:
PATH=C:\Program Files\Common Files\Oracle\Java\javapath;C:\Windows\system32;C:\Windows;C:\Windows\System32\Wbem;C:\Windows\System32\WindowsPowerShell\v1.0\;C:\Windows\System32\OpenSSH\;C:\Program Files\Git\cmd;C:\Users\ahka1\AppData\Local\Microsoft\WindowsApps;;C:\Program Files\JetBrains\IntelliJ IDEA Community Edition 2021.3.2\bin;
USERNAME=ahka1
OS=Windows_NT
PROCESSOR_IDENTIFIER=Intel64 Family 6 Model 126 Stepping 5, GenuineIntel



---------------  S Y S T E M  ---------------

OS: Windows 11 , 64 bit Build 22000 (10.0.22000.675)

CPU:total 4 (initial active 4) (2 cores per cpu, 2 threads per core) family 6 model 126 stepping 5 microcode 0x96, cmov, cx8, fxsr, mmx, sse, sse2, sse3, ssse3, sse4.1, sse4.2, popcnt, avx, avx2, aes, clmul, erms, 3dnowpref, lzcnt, ht, tsc, tscinvbit, bmi1, bmi2, adx, evex, sha, fma

Memory: 4k page, system-wide physical 7959M (483M free)
TotalPageFile size 25129M (AvailPageFile size 5M)
current process WorkingSet (physical memory assigned to process): 193M, peak: 193M
current process commit charge ("private bytes"): 269M, peak: 271M

vm_info: Java HotSpot(TM) 64-Bit Server VM (11.0.14+8-LTS-263) for windows-amd64 JRE (11.0.14+8-LTS-263), built on Dec  7 2021 21:53:57 by "mach5one" with MS VC++ 15.9 (VS2017)

END.
