#
# There is insufficient memory for the Java Runtime Environment to continue.
# Native memory allocation (mmap) failed to map 132120576 bytes for Failed to commit area from 0x0000000083a00000 to 0x000000008b800000 of length 132120576.
# Possible reasons:
#   The system is out of physical RAM or swap space
#   The process is running with CompressedOops enabled, and the Java Heap may be blocking the growth of the native heap
# Possible solutions:
#   Reduce memory load on the system
#   Increase physical memory or swap space
#   Check if swap backing store is full
#   Decrease Java heap size (-Xmx/-Xms)
#   Decrease number of Java threads
#   Decrease Java thread stack sizes (-Xss)
#   Set larger code cache with -XX:ReservedCodeCacheSize=
# This output file may be truncated or incomplete.
#
#  Out of Memory Error (./open/src/hotspot/os/windows/os_windows.cpp:3284), pid=7264, tid=4960
#
# JRE version:  (11.0.14+8) (build )
# Java VM: Java HotSpot(TM) 64-Bit Server VM (11.0.14+8-LTS-263, mixed mode, sharing, tiered, compressed oops, g1 gc, windows-amd64)
# No core dump will be written. Minidumps are not enabled by default on client versions of Windows
#

---------------  S U M M A R Y ------------

Command Line: -Dfile.encoding=UTF-8 C:\Users\ahka1\AppData\Local\Temp\surefire6537445720867541188\surefirebooter8505069897422765415.jar C:\Users\ahka1\AppData\Local\Temp\surefire6537445720867541188 2022-06-10T11-22-51_197-jvmRun1 surefire3201722994646221498tmp surefire_016211783176861291796tmp

Host: Intel(R) Core(TM) i3-1005G1 CPU @ 1.20GHz, 4 cores, 7G,  Windows 11 , 64 bit Build 22000 (10.0.22000.675)
Time: Fri Jun 10 11:22:52 2022 Turkey Standard Time elapsed time: 0.023798 seconds (0d 0h 0m 0s)

---------------  T H R E A D  ---------------

Current thread (0x000002212774c800):  JavaThread "Unknown thread" [_thread_in_vm, id=4960, stack(0x000000b220700000,0x000000b220800000)]

Stack: [0x000000b220700000,0x000000b220800000]
Native frames: (J=compiled Java code, j=interpreted, Vv=VM code, C=native code)
V  [jvm.dll+0x6296da]
V  [jvm.dll+0x76323f]
V  [jvm.dll+0x7648e9]
V  [jvm.dll+0x764f73]
V  [jvm.dll+0x23d7c8]
V  [jvm.dll+0x626a5a]
V  [jvm.dll+0x61b7f5]
V  [jvm.dll+0x2f262c]
V  [jvm.dll+0x2f24b2]
V  [jvm.dll+0x2f71d6]
V  [jvm.dll+0x339bdf]
V  [jvm.dll+0x339610]
V  [jvm.dll+0x2cfc48]
V  [jvm.dll+0x2d0db6]
V  [jvm.dll+0x73d857]
V  [jvm.dll+0x73f0ef]
V  [jvm.dll+0x346909]
V  [jvm.dll+0x723160]
V  [jvm.dll+0x3b551f]
V  [jvm.dll+0x3b7631]
C  [jli.dll+0x5207]
C  [ucrtbase.dll+0x26c0c]
C  [KERNEL32.DLL+0x154e0]
C  [ntdll.dll+0x485b]


---------------  P R O C E S S  ---------------

Threads class SMR info:
_java_thread_list=0x00000221254d0f40, length=0, elements={
}

Java Threads: ( => current thread )

Other Threads:
  0x0000022127761800 GCTaskThread "GC Thread#0" [stack: 0x000000b220800000,0x000000b220900000] [id=25528]
  0x000002212778b800 ConcurrentGCThread "G1 Main Marker" [stack: 0x000000b220900000,0x000000b220a00000] [id=7424]
  0x000002212778d800 ConcurrentGCThread "G1 Conc#0" [stack: 0x000000b220a00000,0x000000b220b00000] [id=26824]

[error occurred during error reporting (printing all threads), id 0xc0000005, EXCEPTION_ACCESS_VIOLATION (0xc0000005) at pc=0x00007ffc881ceed7]

VM state:not at safepoint (not fully initialized)

VM Mutex/Monitor currently owned by a thread:  ([mutex/lock_event])
[0x0000022127745e90] Heap_lock - owner thread: 0x000002212774c800

Heap address: 0x0000000083a00000, size: 1990 MB, Compressed Oops mode: Non-zero based: 0x0000000083a00000
Narrow klass base: 0x0000000000000000, Narrow klass shift: 0

GC Heap History (0 events):
No events

Deoptimization events (0 events):
No events

Classes redefined (0 events):
No events

Internal exceptions (0 events):
No events

Events (0 events):
No events


Dynamic libraries:
0x00007ff796570000 - 0x00007ff79657f000 	C:\Program Files\Java\jdk-11.0.14\bin\java.exe
0x00007ffd06960000 - 0x00007ffd06b69000 	C:\Windows\SYSTEM32\ntdll.dll
0x00007ffd05b50000 - 0x00007ffd05c0d000 	C:\Windows\System32\KERNEL32.DLL
0x00007ffd03e50000 - 0x00007ffd041c9000 	C:\Windows\System32\KERNELBASE.dll
0x00007ffd043e0000 - 0x00007ffd044f1000 	C:\Windows\System32\ucrtbase.dll
0x00007ffcfb040000 - 0x00007ffcfb058000 	C:\Program Files\Java\jdk-11.0.14\bin\jli.dll
0x00007ffd05d30000 - 0x00007ffd05dde000 	C:\Windows\System32\ADVAPI32.dll
0x00007ffd05510000 - 0x00007ffd055b3000 	C:\Windows\System32\msvcrt.dll
0x00007ffd05de0000 - 0x00007ffd05e7e000 	C:\Windows\System32\sechost.dll
0x00007ffd05c10000 - 0x00007ffd05d30000 	C:\Windows\System32\RPCRT4.dll
0x00007ffd05260000 - 0x00007ffd0540c000 	C:\Windows\System32\USER32.dll
0x00007ffd04750000 - 0x00007ffd04776000 	C:\Windows\System32\win32u.dll
0x00007ffd05b20000 - 0x00007ffd05b49000 	C:\Windows\System32\GDI32.dll
0x00007ffd04570000 - 0x00007ffd04682000 	C:\Windows\System32\gdi32full.dll
0x00007ffd041d0000 - 0x00007ffd0426d000 	C:\Windows\System32\msvcp_win.dll
0x00007ffcfae10000 - 0x00007ffcfae25000 	C:\Program Files\Java\jdk-11.0.14\bin\VCRUNTIME140.dll
0x00007ffcef3e0000 - 0x00007ffcef685000 	C:\Windows\WinSxS\amd64_microsoft.windows.common-controls_6595b64144ccf1df_6.0.22000.120_none_9d947278b86cc467\COMCTL32.dll
0x00007ffcfdf70000 - 0x00007ffcfdf7a000 	C:\Windows\SYSTEM32\VERSION.dll
0x00007ffd06020000 - 0x00007ffd06051000 	C:\Windows\System32\IMM32.DLL
0x00007ffceb9d0000 - 0x00007ffceba6b000 	C:\Program Files\Java\jdk-11.0.14\bin\msvcp140.dll
0x00007ffc87ef0000 - 0x00007ffc88a06000 	C:\Program Files\Java\jdk-11.0.14\bin\server\jvm.dll
0x00007ffd061b0000 - 0x00007ffd061b8000 	C:\Windows\System32\PSAPI.DLL
0x00007ffcf4110000 - 0x00007ffcf4119000 	C:\Windows\SYSTEM32\WSOCK32.dll
0x00007ffd05a50000 - 0x00007ffd05abf000 	C:\Windows\System32\WS2_32.dll
0x00007ffcfdf30000 - 0x00007ffcfdf63000 	C:\Windows\SYSTEM32\WINMM.dll
0x00007ffd03040000 - 0x00007ffd03058000 	C:\Windows\SYSTEM32\kernel.appcore.dll
0x00007ffcfc8d0000 - 0x00007ffcfc8e0000 	C:\Program Files\Java\jdk-11.0.14\bin\verify.dll
0x00007ffd019a0000 - 0x00007ffd01bc1000 	C:\Windows\SYSTEM32\DBGHELP.DLL
0x00007ffcfc350000 - 0x00007ffcfc381000 	C:\Windows\SYSTEM32\dbgcore.DLL
0x00007ffd04780000 - 0x00007ffd047ff000 	C:\Windows\System32\bcryptPrimitives.dll
0x00007ffcf0b10000 - 0x00007ffcf0b38000 	C:\Program Files\Java\jdk-11.0.14\bin\java.dll
0x00007ffcfc830000 - 0x00007ffcfc83a000 	C:\Program Files\Java\jdk-11.0.14\bin\jimage.dll
0x00007ffcfadf0000 - 0x00007ffcfae06000 	C:\Program Files\Java\jdk-11.0.14\bin\zip.dll

dbghelp: loaded successfully - version: 4.0.5 - missing functions: none
symbol engine: initialized successfully - sym options: 0x614 - pdb path: .;C:\Program Files\Java\jdk-11.0.14\bin;C:\Windows\SYSTEM32;C:\Windows\WinSxS\amd64_microsoft.windows.common-controls_6595b64144ccf1df_6.0.22000.120_none_9d947278b86cc467;C:\Program Files\Java\jdk-11.0.14\bin\server

VM Arguments:
jvm_args: -Dfile.encoding=UTF-8 
java_command: C:\Users\ahka1\AppData\Local\Temp\surefire6537445720867541188\surefirebooter8505069897422765415.jar C:\Users\ahka1\AppData\Local\Temp\surefire6537445720867541188 2022-06-10T11-22-51_197-jvmRun1 surefire3201722994646221498tmp surefire_016211783176861291796tmp
java_class_path (initial): C:\Users\ahka1\AppData\Local\Temp\surefire6537445720867541188\surefirebooter8505069897422765415.jar
Launcher Type: SUN_STANDARD

[Global flags]
     intx CICompilerCount                          = 3                                         {product} {ergonomic}
     uint ConcGCThreads                            = 1                                         {product} {ergonomic}
     uint G1ConcRefinementThreads                  = 4                                         {product} {ergonomic}
   size_t G1HeapRegionSize                         = 1048576                                   {product} {ergonomic}
    uintx GCDrainStackTargetSize                   = 64                                        {product} {ergonomic}
   size_t InitialHeapSize                          = 132120576                                 {product} {ergonomic}
   size_t MarkStackSize                            = 4194304                                   {product} {ergonomic}
   size_t MaxHeapSize                              = 2086666240                                {product} {ergonomic}
   size_t MinHeapDeltaBytes                        = 1048576                                   {product} {ergonomic}
    uintx NonNMethodCodeHeapSize                   = 5830732                                {pd product} {ergonomic}
    uintx NonProfiledCodeHeapSize                  = 122913754                              {pd product} {ergonomic}
    uintx ProfiledCodeHeapSize                     = 122913754                              {pd product} {ergonomic}
    uintx ReservedCodeCacheSize                    = 251658240                              {pd product} {ergonomic}
     bool SegmentedCodeCache                       = true                                      {product} {ergonomic}
     bool UseCompressedClassPointers               = true                                 {lp64_product} {ergonomic}
     bool UseCompressedOops                        = true                                 {lp64_product} {ergonomic}
     bool UseG1GC                                  = true                                      {product} {ergonomic}
     bool UseLargePagesIndividualAllocation        = false                                  {pd product} {ergonomic}

Logging:
Log output configuration:
 #0: stdout all=warning uptime,level,tags
 #1: stderr all=off uptime,level,tags

Environment Variables:
PATH=C:\Program Files\Common Files\Oracle\Java\javapath;C:\Windows\system32;C:\Windows;C:\Windows\System32\Wbem;C:\Windows\System32\WindowsPowerShell\v1.0\;C:\Windows\System32\OpenSSH\;C:\Program Files\Git\cmd;C:\Users\ahka1\AppData\Local\Microsoft\WindowsApps;;C:\Program Files\JetBrains\IntelliJ IDEA Community Edition 2021.3.2\bin;
USERNAME=ahka1
OS=Windows_NT
PROCESSOR_IDENTIFIER=Intel64 Family 6 Model 126 Stepping 5, GenuineIntel



---------------  S Y S T E M  ---------------

OS: Windows 11 , 64 bit Build 22000 (10.0.22000.675)

CPU:total 4 (initial active 4) (2 cores per cpu, 2 threads per core) family 6 model 126 stepping 5 microcode 0x96, cmov, cx8, fxsr, mmx, sse, sse2, sse3, ssse3, sse4.1, sse4.2, popcnt, avx, avx2, aes, clmul, erms, 3dnowpref, lzcnt, ht, tsc, tscinvbit, bmi1, bmi2, adx, evex, sha, fma

Memory: 4k page, system-wide physical 7959M (485M free)
TotalPageFile size 25129M (AvailPageFile size 19M)
current process WorkingSet (physical memory assigned to process): 10M, peak: 10M
current process commit charge ("private bytes"): 51M, peak: 177M

vm_info: Java HotSpot(TM) 64-Bit Server VM (11.0.14+8-LTS-263) for windows-amd64 JRE (11.0.14+8-LTS-263), built on Dec  7 2021 21:53:57 by "mach5one" with MS VC++ 15.9 (VS2017)

END.
