#
# There is insufficient memory for the Java Runtime Environment to continue.
# Native memory allocation (mmap) failed to map 132120576 bytes for Failed to commit area from 0x0000000083a00000 to 0x000000008b800000 of length 132120576.
# Possible reasons:
#   The system is out of physical RAM or swap space
#   The process is running with CompressedOops enabled, and the Java Heap may be blocking the growth of the native heap
# Possible solutions:
#   Reduce memory load on the system
#   Increase physical memory or swap space
#   Check if swap backing store is full
#   Decrease Java heap size (-Xmx/-Xms)
#   Decrease number of Java threads
#   Decrease Java thread stack sizes (-Xss)
#   Set larger code cache with -XX:ReservedCodeCacheSize=
# This output file may be truncated or incomplete.
#
#  Out of Memory Error (./open/src/hotspot/os/windows/os_windows.cpp:3284), pid=18636, tid=20880
#
# JRE version:  (11.0.14+8) (build )
# Java VM: Java HotSpot(TM) 64-Bit Server VM (11.0.14+8-LTS-263, mixed mode, sharing, tiered, compressed oops, g1 gc, windows-amd64)
# No core dump will be written. Minidumps are not enabled by default on client versions of Windows
#

---------------  S U M M A R Y ------------

Command Line: -Dorg.jetbrains.run.directory=C:\Users\ahka1\IdeaProjects\com.CucumberCalismalarim\src\test\resources\features -javaagent:C:\Program Files\JetBrains\IntelliJ IDEA Community Edition 2021.3.2\lib\idea_rt.jar=64045:C:\Program Files\JetBrains\IntelliJ IDEA Community Edition 2021.3.2\bin -Dfile.encoding=UTF-8 io.cucumber.core.cli.Main --plugin org.jetbrains.plugins.cucumber.java.run.CucumberJvm5SMFormatter --name ^TC18 kullanici excel bilgilerini kullanir$ --glue stepDefinitions C:/Users/ahka1/IdeaProjects/com.CucumberCalismalarim/src/test/resources/features/US1013_ReadExcel.feature

Host: Intel(R) Core(TM) i3-1005G1 CPU @ 1.20GHz, 4 cores, 7G,  Windows 11 , 64 bit Build 22000 (10.0.22000.675)
Time: Fri Jun 10 11:25:07 2022 Turkey Standard Time elapsed time: 0.066243 seconds (0d 0h 0m 0s)

---------------  T H R E A D  ---------------

Current thread (0x000002b0d35de000):  JavaThread "Unknown thread" [_thread_in_vm, id=20880, stack(0x000000d1fb000000,0x000000d1fb100000)]

Stack: [0x000000d1fb000000,0x000000d1fb100000]
Native frames: (J=compiled Java code, j=interpreted, Vv=VM code, C=native code)
V  [jvm.dll+0x6296da]
V  [jvm.dll+0x76323f]
V  [jvm.dll+0x7648e9]
V  [jvm.dll+0x764f73]
V  [jvm.dll+0x23d7c8]
V  [jvm.dll+0x626a5a]
V  [jvm.dll+0x61b7f5]
V  [jvm.dll+0x2f262c]
V  [jvm.dll+0x2f24b2]
V  [jvm.dll+0x2f71d6]
V  [jvm.dll+0x339bdf]
V  [jvm.dll+0x339610]
V  [jvm.dll+0x2cfc48]
V  [jvm.dll+0x2d0db6]
V  [jvm.dll+0x73d857]
V  [jvm.dll+0x73f0ef]
V  [jvm.dll+0x346909]
V  [jvm.dll+0x723160]
V  [jvm.dll+0x3b551f]
V  [jvm.dll+0x3b7631]
C  [jli.dll+0x5207]
C  [ucrtbase.dll+0x26c0c]
C  [KERNEL32.DLL+0x154e0]
C  [ntdll.dll+0x485b]


---------------  P R O C E S S  ---------------

Threads class SMR info:
_java_thread_list=0x000002b0d1321250, length=0, elements={
}

Java Threads: ( => current thread )

Other Threads:
  0x000002b0d35f3800 GCTaskThread "GC Thread#0" [stack: 0x000000d1fb200000,0x000000d1fb300000] [id=26824]
  0x000002b0d3621800 ConcurrentGCThread "G1 Main Marker" [stack: 0x000000d1fb300000,0x000000d1fb400000] [id=15276]
  0x000002b0d3624800 ConcurrentGCThread "G1 Conc#0" [stack: 0x000000d1fb400000,0x000000d1fb500000] [id=19820]

[error occurred during error reporting (printing all threads), id 0xc0000005, EXCEPTION_ACCESS_VIOLATION (0xc0000005) at pc=0x00007ffccc86eed7]

VM state:not at safepoint (not fully initialized)

VM Mutex/Monitor currently owned by a thread:  ([mutex/lock_event])
[0x000002b0d35da270] Heap_lock - owner thread: 0x000002b0d35de000

Heap address: 0x0000000083a00000, size: 1990 MB, Compressed Oops mode: Non-zero based: 0x0000000083a00000
Narrow klass base: 0x0000000000000000, Narrow klass shift: 0

GC Heap History (0 events):
No events

Deoptimization events (0 events):
No events

Classes redefined (0 events):
No events

Internal exceptions (0 events):
No events

Events (0 events):
No events


Dynamic libraries:
0x00007ff693d10000 - 0x00007ff693d1f000 	C:\Program Files\Java\jdk-11.0.14\bin\java.exe
0x00007ffd06960000 - 0x00007ffd06b69000 	C:\Windows\SYSTEM32\ntdll.dll
0x00007ffd05b50000 - 0x00007ffd05c0d000 	C:\Windows\System32\KERNEL32.DLL
0x00007ffd03e50000 - 0x00007ffd041c9000 	C:\Windows\System32\KERNELBASE.dll
0x00007ffd043e0000 - 0x00007ffd044f1000 	C:\Windows\System32\ucrtbase.dll
0x00007ffcfef90000 - 0x00007ffcfefa8000 	C:\Program Files\Java\jdk-11.0.14\bin\jli.dll
0x00007ffd05d30000 - 0x00007ffd05dde000 	C:\Windows\System32\ADVAPI32.dll
0x00007ffd05510000 - 0x00007ffd055b3000 	C:\Windows\System32\msvcrt.dll
0x00007ffd05de0000 - 0x00007ffd05e7e000 	C:\Windows\System32\sechost.dll
0x00007ffd05c10000 - 0x00007ffd05d30000 	C:\Windows\System32\RPCRT4.dll
0x00007ffd05260000 - 0x00007ffd0540c000 	C:\Windows\System32\USER32.dll
0x00007ffd04750000 - 0x00007ffd04776000 	C:\Windows\System32\win32u.dll
0x00007ffd05b20000 - 0x00007ffd05b49000 	C:\Windows\System32\GDI32.dll
0x00007ffd04570000 - 0x00007ffd04682000 	C:\Windows\System32\gdi32full.dll
0x00007ffd041d0000 - 0x00007ffd0426d000 	C:\Windows\System32\msvcp_win.dll
0x00007ffcfef70000 - 0x00007ffcfef85000 	C:\Program Files\Java\jdk-11.0.14\bin\VCRUNTIME140.dll
0x00007ffcef3e0000 - 0x00007ffcef685000 	C:\Windows\WinSxS\amd64_microsoft.windows.common-controls_6595b64144ccf1df_6.0.22000.120_none_9d947278b86cc467\COMCTL32.dll
0x00007ffcfdf70000 - 0x00007ffcfdf7a000 	C:\Windows\SYSTEM32\VERSION.dll
0x00007ffd06020000 - 0x00007ffd06051000 	C:\Windows\System32\IMM32.DLL
0x00007ffcefaa0000 - 0x00007ffcefb3b000 	C:\Program Files\Java\jdk-11.0.14\bin\msvcp140.dll
0x00007ffccc590000 - 0x00007ffccd0a6000 	C:\Program Files\Java\jdk-11.0.14\bin\server\jvm.dll
0x00007ffd061b0000 - 0x00007ffd061b8000 	C:\Windows\System32\PSAPI.DLL
0x00007ffcf4110000 - 0x00007ffcf4119000 	C:\Windows\SYSTEM32\WSOCK32.dll
0x00007ffd05a50000 - 0x00007ffd05abf000 	C:\Windows\System32\WS2_32.dll
0x00007ffcfdf30000 - 0x00007ffcfdf63000 	C:\Windows\SYSTEM32\WINMM.dll
0x00007ffd03040000 - 0x00007ffd03058000 	C:\Windows\SYSTEM32\kernel.appcore.dll
0x00007ffcfe1e0000 - 0x00007ffcfe1f0000 	C:\Program Files\Java\jdk-11.0.14\bin\verify.dll
0x00007ffd019a0000 - 0x00007ffd01bc1000 	C:\Windows\SYSTEM32\DBGHELP.DLL
0x00007ffcfc350000 - 0x00007ffcfc381000 	C:\Windows\SYSTEM32\dbgcore.DLL
0x00007ffd04780000 - 0x00007ffd047ff000 	C:\Windows\System32\bcryptPrimitives.dll
0x00007ffcf0b10000 - 0x00007ffcf0b38000 	C:\Program Files\Java\jdk-11.0.14\bin\java.dll
0x00007ffcfc8d0000 - 0x00007ffcfc8da000 	C:\Program Files\Java\jdk-11.0.14\bin\jimage.dll
0x00007ffcfc830000 - 0x00007ffcfc83e000 	C:\Program Files\Java\jdk-11.0.14\bin\instrument.dll
0x00007ffcfadf0000 - 0x00007ffcfae06000 	C:\Program Files\Java\jdk-11.0.14\bin\zip.dll

dbghelp: loaded successfully - version: 4.0.5 - missing functions: none
symbol engine: initialized successfully - sym options: 0x614 - pdb path: .;C:\Program Files\Java\jdk-11.0.14\bin;C:\Windows\SYSTEM32;C:\Windows\WinSxS\amd64_microsoft.windows.common-controls_6595b64144ccf1df_6.0.22000.120_none_9d947278b86cc467;C:\Program Files\Java\jdk-11.0.14\bin\server

VM Arguments:
jvm_args: -Dorg.jetbrains.run.directory=C:\Users\ahka1\IdeaProjects\com.CucumberCalismalarim\src\test\resources\features -javaagent:C:\Program Files\JetBrains\IntelliJ IDEA Community Edition 2021.3.2\lib\idea_rt.jar=64045:C:\Program Files\JetBrains\IntelliJ IDEA Community Edition 2021.3.2\bin -Dfile.encoding=UTF-8 
java_command: io.cucumber.core.cli.Main --plugin org.jetbrains.plugins.cucumber.java.run.CucumberJvm5SMFormatter --name ^TC18 kullanici excel bilgilerini kullanir$ --glue stepDefinitions C:/Users/ahka1/IdeaProjects/com.CucumberCalismalarim/src/test/resources/features/US1013_ReadExcel.feature
java_class_path (initial): C:\Users\ahka1\IdeaProjects\com.CucumberCalismalarim\target\test-classes;C:\Users\ahka1\IdeaProjects\com.CucumberCalismalarim\target\classes;C:\Users\ahka1\.m2\repository\org\seleniumhq\selenium\selenium-java\4.1.3\selenium-java-4.1.3.jar;C:\Users\ahka1\.m2\repository\org\seleniumhq\selenium\selenium-api\4.1.3\selenium-api-4.1.3.jar;C:\Users\ahka1\.m2\repository\org\seleniumhq\selenium\selenium-chrome-driver\4.1.3\selenium-chrome-driver-4.1.3.jar;C:\Users\ahka1\.m2\repository\com\google\auto\service\auto-service-annotations\1.0.1\auto-service-annotations-1.0.1.jar;C:\Users\ahka1\.m2\repository\com\google\auto\service\auto-service\1.0.1\auto-service-1.0.1.jar;C:\Users\ahka1\.m2\repository\com\google\auto\auto-common\1.2\auto-common-1.2.jar;C:\Users\ahka1\.m2\repository\com\google\guava\guava\31.1-jre\guava-31.1-jre.jar;C:\Users\ahka1\.m2\repository\com\google\guava\failureaccess\1.0.1\failureaccess-1.0.1.jar;C:\Users\ahka1\.m2\repository\com\google\guava\listenablefuture\9999.0-empty-to-avoid-conflict-with-guava\listenablefuture-9999.0-empty-to-avoid-conflict-with-guava.jar;C:\Users\ahka1\.m2\repository\com\google\code\findbugs\jsr305\3.0.2\jsr305-3.0.2.jar;C:\Users\ahka1\.m2\repository\org\checkerframework\checker-qual\3.12.0\checker-qual-3.12.0.jar;C:\Users\ahka1\.m2\repository\com\google\errorprone\error_prone_annotations\2.11.0\error_prone_annotations-2.11.0.jar;C:\Users\ahka1\.m2\repository\com\google\j2objc\j2objc-annotations\1.3\j2objc-annotations-1.3.jar;C:\Users\ahka1\.m2\repository\org\seleniumhq\selenium\selenium-chromium-driver\4.1.3\selenium-chromium-driver-4.1.3.jar;C:\Users\ahka1\.m2\repository\org\seleniumhq\selenium\selenium-json\4.1.3\selenium-json-4.1.3.jar;C:\Users\ahka1\.m2\repository\org\seleniumhq\selenium\selenium-devtools-v85\4.1.3\selenium-devtools-v85-4.1.3.jar;C:\Users\ahka1\.m2\repository\org\seleniumhq\selenium\selenium-devtools-v97\4.1.3\selenium-devtools-v97-4.1.3.jar;C:\Users\ahka1\.m2\repository\org\selen
Launcher Type: SUN_STANDARD

[Global flags]
     intx CICompilerCount                          = 3                                         {product} {ergonomic}
     uint ConcGCThreads                            = 1                                         {product} {ergonomic}
     uint G1ConcRefinementThreads                  = 4                                         {product} {ergonomic}
   size_t G1HeapRegionSize                         = 1048576                                   {product} {ergonomic}
    uintx GCDrainStackTargetSize                   = 64                                        {product} {ergonomic}
   size_t InitialHeapSize                          = 132120576                                 {product} {ergonomic}
   size_t MarkStackSize                            = 4194304                                   {product} {ergonomic}
   size_t MaxHeapSize                              = 2086666240                                {product} {ergonomic}
   size_t MinHeapDeltaBytes                        = 1048576                                   {product} {ergonomic}
    uintx NonNMethodCodeHeapSize                   = 5830732                                {pd product} {ergonomic}
    uintx NonProfiledCodeHeapSize                  = 122913754                              {pd product} {ergonomic}
    uintx ProfiledCodeHeapSize                     = 122913754                              {pd product} {ergonomic}
    uintx ReservedCodeCacheSize                    = 251658240                              {pd product} {ergonomic}
     bool SegmentedCodeCache                       = true                                      {product} {ergonomic}
     bool UseCompressedClassPointers               = true                                 {lp64_product} {ergonomic}
     bool UseCompressedOops                        = true                                 {lp64_product} {ergonomic}
     bool UseG1GC                                  = true                                      {product} {ergonomic}
     bool UseLargePagesIndividualAllocation        = false                                  {pd product} {ergonomic}

Logging:
Log output configuration:
 #0: stdout all=warning uptime,level,tags
 #1: stderr all=off uptime,level,tags

Environment Variables:
PATH=C:\Program Files\Common Files\Oracle\Java\javapath;C:\Windows\system32;C:\Windows;C:\Windows\System32\Wbem;C:\Windows\System32\WindowsPowerShell\v1.0\;C:\Windows\System32\OpenSSH\;C:\Program Files\Git\cmd;C:\Users\ahka1\AppData\Local\Microsoft\WindowsApps;;C:\Program Files\JetBrains\IntelliJ IDEA Community Edition 2021.3.2\bin;
USERNAME=ahka1
OS=Windows_NT
PROCESSOR_IDENTIFIER=Intel64 Family 6 Model 126 Stepping 5, GenuineIntel



---------------  S Y S T E M  ---------------

OS: Windows 11 , 64 bit Build 22000 (10.0.22000.675)

CPU:total 4 (initial active 4) (2 cores per cpu, 2 threads per core) family 6 model 126 stepping 5 microcode 0x96, cmov, cx8, fxsr, mmx, sse, sse2, sse3, ssse3, sse4.1, sse4.2, popcnt, avx, avx2, aes, clmul, erms, 3dnowpref, lzcnt, ht, tsc, tscinvbit, bmi1, bmi2, adx, evex, sha, fma

Memory: 4k page, system-wide physical 7959M (621M free)
TotalPageFile size 25129M (AvailPageFile size 80M)
current process WorkingSet (physical memory assigned to process): 10M, peak: 10M
current process commit charge ("private bytes"): 51M, peak: 177M

vm_info: Java HotSpot(TM) 64-Bit Server VM (11.0.14+8-LTS-263) for windows-amd64 JRE (11.0.14+8-LTS-263), built on Dec  7 2021 21:53:57 by "mach5one" with MS VC++ 15.9 (VS2017)

END.
