#
# There is insufficient memory for the Java Runtime Environment to continue.
# Native memory allocation (malloc) failed to allocate 958736 bytes for Chunk::new
# Possible reasons:
#   The system is out of physical RAM or swap space
#   The process is running with CompressedOops enabled, and the Java Heap may be blocking the growth of the native heap
# Possible solutions:
#   Reduce memory load on the system
#   Increase physical memory or swap space
#   Check if swap backing store is full
#   Decrease Java heap size (-Xmx/-Xms)
#   Decrease number of Java threads
#   Decrease Java thread stack sizes (-Xss)
#   Set larger code cache with -XX:ReservedCodeCacheSize=
#   JVM is running with Unscaled Compressed Oops mode in which the Java heap is
#     placed in the first 4GB address space. The Java Heap base address is the
#     maximum limit for the native heap growth. Please use -XX:HeapBaseMinAddress
#     to set the Java Heap base and to place the Java Heap above 4GB virtual address.
# This output file may be truncated or incomplete.
#
#  Out of Memory Error (./open/src/hotspot/share/memory/arena.cpp:197), pid=2916, tid=22032
#
# JRE version: Java(TM) SE Runtime Environment 18.9 (11.0.14+8) (build 11.0.14+8-LTS-263)
# Java VM: Java HotSpot(TM) 64-Bit Server VM 18.9 (11.0.14+8-LTS-263, mixed mode, tiered, compressed oops, g1 gc, windows-amd64)
# No core dump will be written. Minidumps are not enabled by default on client versions of Windows
#

---------------  S U M M A R Y ------------

Command Line: -Dorg.jetbrains.run.directory=C:\Users\ahka1\IdeaProjects\com.CucumberCalismalarim\src\test\resources\features -javaagent:C:\Program Files\JetBrains\IntelliJ IDEA Community Edition 2021.3.2\lib\idea_rt.jar=64019:C:\Program Files\JetBrains\IntelliJ IDEA Community Edition 2021.3.2\bin -Dfile.encoding=UTF-8 io.cucumber.core.cli.Main --plugin org.jetbrains.plugins.cucumber.java.run.CucumberJvm5SMFormatter --glue stepDefinitions C:/Users/ahka1/IdeaProjects/com.CucumberCalismalarim/src/test/resources/features/US1013_ReadExcel.feature

Host: Intel(R) Core(TM) i3-1005G1 CPU @ 1.20GHz, 4 cores, 7G,  Windows 11 , 64 bit Build 22000 (10.0.22000.675)
Time: Fri Jun 10 11:24:11 2022 Turkey Standard Time elapsed time: 3.315679 seconds (0d 0h 0m 3s)

---------------  T H R E A D  ---------------

Current thread (0x000001fb7882e800):  JavaThread "C2 CompilerThread1" daemon [_thread_in_native, id=22032, stack(0x000000f5bad00000,0x000000f5bae00000)]


Current CompileTask:
C2:   3315 1635       4       jdk.internal.loader.URLClassPath::getResource (74 bytes)

Stack: [0x000000f5bad00000,0x000000f5bae00000]
Native frames: (J=compiled Java code, j=interpreted, Vv=VM code, C=native code)
V  [jvm.dll+0x6296da]
V  [jvm.dll+0x76323f]
V  [jvm.dll+0x7648e9]
V  [jvm.dll+0x764f73]
V  [jvm.dll+0x23d7c8]
V  [jvm.dll+0xb297c]
V  [jvm.dll+0xb2f3c]
V  [jvm.dll+0x340e52]
V  [jvm.dll+0x30e803]
V  [jvm.dll+0x30db4a]
V  [jvm.dll+0x1f8365]
V  [jvm.dll+0x1f754d]
V  [jvm.dll+0x177b21]
V  [jvm.dll+0x206e26]
V  [jvm.dll+0x204fbb]
V  [jvm.dll+0x729170]
V  [jvm.dll+0x721d44]
V  [jvm.dll+0x6285d6]
C  [ucrtbase.dll+0x26c0c]
C  [KERNEL32.DLL+0x154e0]
C  [ntdll.dll+0x485b]


---------------  P R O C E S S  ---------------

Threads class SMR info:
_java_thread_list=0x000001fb7847dce0, length=12, elements={
0x000001fb599ec000, 0x000001fb76f62000, 0x000001fb76f63000, 0x000001fb778e2800,
0x000001fb76f7b000, 0x000001fb76f80000, 0x000001fb76f81000, 0x000001fb76f85000,
0x000001fb76f9d000, 0x000001fb77a2f000, 0x000001fb78075000, 0x000001fb7882e800
}

Java Threads: ( => current thread )
  0x000001fb599ec000 JavaThread "main" [_thread_in_Java, id=23612, stack(0x000000f5b9b00000,0x000000f5b9c00000)]
  0x000001fb76f62000 JavaThread "Reference Handler" daemon [_thread_blocked, id=27596, stack(0x000000f5ba200000,0x000000f5ba300000)]
  0x000001fb76f63000 JavaThread "Finalizer" daemon [_thread_blocked, id=27272, stack(0x000000f5ba300000,0x000000f5ba400000)]
  0x000001fb778e2800 JavaThread "Signal Dispatcher" daemon [_thread_blocked, id=27248, stack(0x000000f5ba400000,0x000000f5ba500000)]
  0x000001fb76f7b000 JavaThread "Attach Listener" daemon [_thread_blocked, id=5532, stack(0x000000f5ba500000,0x000000f5ba600000)]
  0x000001fb76f80000 JavaThread "Service Thread" daemon [_thread_blocked, id=24984, stack(0x000000f5ba600000,0x000000f5ba700000)]
  0x000001fb76f81000 JavaThread "C2 CompilerThread0" daemon [_thread_blocked, id=27192, stack(0x000000f5ba700000,0x000000f5ba800000)]
  0x000001fb76f85000 JavaThread "C1 CompilerThread0" daemon [_thread_in_native, id=21296, stack(0x000000f5ba800000,0x000000f5ba900000)]
  0x000001fb76f9d000 JavaThread "Sweeper thread" daemon [_thread_blocked, id=25540, stack(0x000000f5ba900000,0x000000f5baa00000)]
  0x000001fb77a2f000 JavaThread "Common-Cleaner" daemon [_thread_blocked, id=26792, stack(0x000000f5baa00000,0x000000f5bab00000)]
  0x000001fb78075000 JavaThread "Monitor Ctrl-Break" daemon [_thread_in_native, id=14096, stack(0x000000f5bab00000,0x000000f5bac00000)]
=>0x000001fb7882e800 JavaThread "C2 CompilerThread1" daemon [_thread_in_native, id=22032, stack(0x000000f5bad00000,0x000000f5bae00000)]

Other Threads:
  0x000001fb76f39800 VMThread "VM Thread" [stack: 0x000000f5ba100000,0x000000f5ba200000] [id=24900]
  0x000001fb77edc800 WatcherThread [stack: 0x000000f5bac00000,0x000000f5bad00000] [id=25760]
  0x000001fb59a02000 GCTaskThread "GC Thread#0" [stack: 0x000000f5b9c00000,0x000000f5b9d00000] [id=21752]
  0x000001fb78373000 GCTaskThread "GC Thread#1" [stack: 0x000000f5bae00000,0x000000f5baf00000] [id=9412]
  0x000001fb78438800 GCTaskThread "GC Thread#2" [stack: 0x000000f5baf00000,0x000000f5bb000000] [id=26180]
  0x000001fb59a30800 ConcurrentGCThread "G1 Main Marker" [stack: 0x000000f5b9d00000,0x000000f5b9e00000] [id=4428]
  0x000001fb59a33800 ConcurrentGCThread "G1 Conc#0" [stack: 0x000000f5b9e00000,0x000000f5b9f00000] [id=27076]
  0x000001fb59ab4800 ConcurrentGCThread "G1 Refine#0" [stack: 0x000000f5b9f00000,0x000000f5ba000000] [id=26804]
  0x000001fb76db0800 ConcurrentGCThread "G1 Young RemSet Sampling" [stack: 0x000000f5ba000000,0x000000f5ba100000] [id=26404]

Threads with active compile tasks:
C1 CompilerThread0   3344 1739       3       java.lang.invoke.LambdaFormEditor::lambdaFormEditor (12 bytes)
C2 CompilerThread1   3344 1635       4       jdk.internal.loader.URLClassPath::getResource (74 bytes)

VM state:not at safepoint (normal execution)

VM Mutex/Monitor currently owned by a thread: None

Heap address: 0x0000000083a00000, size: 1990 MB, Compressed Oops mode: 32-bit
Narrow klass base: 0x0000000000000000, Narrow klass shift: 3
Compressed class space size: 1073741824 Address: 0x0000000100000000

Heap:
 garbage-first heap   total 129024K, used 25660K [0x0000000083a00000, 0x0000000100000000)
  region size 1024K, 20 young (20480K), 2 survivors (2048K)
 Metaspace       used 16508K, capacity 17076K, committed 17280K, reserved 1064960K
  class space    used 1709K, capacity 1884K, committed 1920K, reserved 1048576K
Heap Regions: E=young(eden), S=young(survivor), O=old, HS=humongous(starts), HC=humongous(continues), CS=collection set, F=free, A=archive, TAMS=top-at-mark-start (previous, next)
|   0|0x0000000083a00000, 0x0000000083b00000, 0x0000000083b00000|100%| O|  |TAMS 0x0000000083a00000, 0x0000000083a00000| Untracked 
|   1|0x0000000083b00000, 0x0000000083c00000, 0x0000000083c00000|100%| O|  |TAMS 0x0000000083b00000, 0x0000000083b00000| Untracked 
|   2|0x0000000083c00000, 0x0000000083d00000, 0x0000000083d00000|100%| O|  |TAMS 0x0000000083c00000, 0x0000000083c00000| Untracked 
|   3|0x0000000083d00000, 0x0000000083e00000, 0x0000000083e00000|100%| O|  |TAMS 0x0000000083d00000, 0x0000000083d00000| Untracked 
|   4|0x0000000083e00000, 0x0000000083f00000, 0x0000000083f00000|100%| O|  |TAMS 0x0000000083e00000, 0x0000000083e00000| Untracked 
|   5|0x0000000083f00000, 0x0000000084000000, 0x0000000084000000|100%| O|  |TAMS 0x0000000083f00000, 0x0000000083f00000| Untracked 
|   6|0x0000000084000000, 0x0000000084098c00, 0x0000000084100000| 59%| O|  |TAMS 0x0000000084000000, 0x0000000084000000| Untracked 
|   7|0x0000000084100000, 0x0000000084100000, 0x0000000084200000|  0%| F|  |TAMS 0x0000000084100000, 0x0000000084100000| Untracked 
|   8|0x0000000084200000, 0x0000000084200000, 0x0000000084300000|  0%| F|  |TAMS 0x0000000084200000, 0x0000000084200000| Untracked 
|   9|0x0000000084300000, 0x0000000084300000, 0x0000000084400000|  0%| F|  |TAMS 0x0000000084300000, 0x0000000084300000| Untracked 
|  10|0x0000000084400000, 0x0000000084400000, 0x0000000084500000|  0%| F|  |TAMS 0x0000000084400000, 0x0000000084400000| Untracked 
|  11|0x0000000084500000, 0x0000000084500000, 0x0000000084600000|  0%| F|  |TAMS 0x0000000084500000, 0x0000000084500000| Untracked 
|  12|0x0000000084600000, 0x0000000084600000, 0x0000000084700000|  0%| F|  |TAMS 0x0000000084600000, 0x0000000084600000| Untracked 
|  13|0x0000000084700000, 0x0000000084700000, 0x0000000084800000|  0%| F|  |TAMS 0x0000000084700000, 0x0000000084700000| Untracked 
|  14|0x0000000084800000, 0x0000000084800000, 0x0000000084900000|  0%| F|  |TAMS 0x0000000084800000, 0x0000000084800000| Untracked 
|  15|0x0000000084900000, 0x0000000084900000, 0x0000000084a00000|  0%| F|  |TAMS 0x0000000084900000, 0x0000000084900000| Untracked 
|  16|0x0000000084a00000, 0x0000000084a00000, 0x0000000084b00000|  0%| F|  |TAMS 0x0000000084a00000, 0x0000000084a00000| Untracked 
|  17|0x0000000084b00000, 0x0000000084b00000, 0x0000000084c00000|  0%| F|  |TAMS 0x0000000084b00000, 0x0000000084b00000| Untracked 
|  18|0x0000000084c00000, 0x0000000084c00000, 0x0000000084d00000|  0%| F|  |TAMS 0x0000000084c00000, 0x0000000084c00000| Untracked 
|  19|0x0000000084d00000, 0x0000000084d00000, 0x0000000084e00000|  0%| F|  |TAMS 0x0000000084d00000, 0x0000000084d00000| Untracked 
|  20|0x0000000084e00000, 0x0000000084e00000, 0x0000000084f00000|  0%| F|  |TAMS 0x0000000084e00000, 0x0000000084e00000| Untracked 
|  21|0x0000000084f00000, 0x0000000084f00000, 0x0000000085000000|  0%| F|  |TAMS 0x0000000084f00000, 0x0000000084f00000| Untracked 
|  22|0x0000000085000000, 0x0000000085000000, 0x0000000085100000|  0%| F|  |TAMS 0x0000000085000000, 0x0000000085000000| Untracked 
|  23|0x0000000085100000, 0x0000000085100000, 0x0000000085200000|  0%| F|  |TAMS 0x0000000085100000, 0x0000000085100000| Untracked 
|  24|0x0000000085200000, 0x0000000085200000, 0x0000000085300000|  0%| F|  |TAMS 0x0000000085200000, 0x0000000085200000| Untracked 
|  25|0x0000000085300000, 0x0000000085300000, 0x0000000085400000|  0%| F|  |TAMS 0x0000000085300000, 0x0000000085300000| Untracked 
|  26|0x0000000085400000, 0x0000000085400000, 0x0000000085500000|  0%| F|  |TAMS 0x0000000085400000, 0x0000000085400000| Untracked 
|  27|0x0000000085500000, 0x0000000085500000, 0x0000000085600000|  0%| F|  |TAMS 0x0000000085500000, 0x0000000085500000| Untracked 
|  28|0x0000000085600000, 0x0000000085600000, 0x0000000085700000|  0%| F|  |TAMS 0x0000000085600000, 0x0000000085600000| Untracked 
|  29|0x0000000085700000, 0x0000000085700000, 0x0000000085800000|  0%| F|  |TAMS 0x0000000085700000, 0x0000000085700000| Untracked 
|  30|0x0000000085800000, 0x0000000085800000, 0x0000000085900000|  0%| F|  |TAMS 0x0000000085800000, 0x0000000085800000| Untracked 
|  31|0x0000000085900000, 0x0000000085900000, 0x0000000085a00000|  0%| F|  |TAMS 0x0000000085900000, 0x0000000085900000| Untracked 
|  32|0x0000000085a00000, 0x0000000085a00000, 0x0000000085b00000|  0%| F|  |TAMS 0x0000000085a00000, 0x0000000085a00000| Untracked 
|  33|0x0000000085b00000, 0x0000000085b00000, 0x0000000085c00000|  0%| F|  |TAMS 0x0000000085b00000, 0x0000000085b00000| Untracked 
|  34|0x0000000085c00000, 0x0000000085c00000, 0x0000000085d00000|  0%| F|  |TAMS 0x0000000085c00000, 0x0000000085c00000| Untracked 
|  35|0x0000000085d00000, 0x0000000085d00000, 0x0000000085e00000|  0%| F|  |TAMS 0x0000000085d00000, 0x0000000085d00000| Untracked 
|  36|0x0000000085e00000, 0x0000000085e00000, 0x0000000085f00000|  0%| F|  |TAMS 0x0000000085e00000, 0x0000000085e00000| Untracked 
|  37|0x0000000085f00000, 0x0000000085f00000, 0x0000000086000000|  0%| F|  |TAMS 0x0000000085f00000, 0x0000000085f00000| Untracked 
|  38|0x0000000086000000, 0x0000000086000000, 0x0000000086100000|  0%| F|  |TAMS 0x0000000086000000, 0x0000000086000000| Untracked 
|  39|0x0000000086100000, 0x0000000086100000, 0x0000000086200000|  0%| F|  |TAMS 0x0000000086100000, 0x0000000086100000| Untracked 
|  40|0x0000000086200000, 0x0000000086200000, 0x0000000086300000|  0%| F|  |TAMS 0x0000000086200000, 0x0000000086200000| Untracked 
|  41|0x0000000086300000, 0x0000000086300000, 0x0000000086400000|  0%| F|  |TAMS 0x0000000086300000, 0x0000000086300000| Untracked 
|  42|0x0000000086400000, 0x0000000086400000, 0x0000000086500000|  0%| F|  |TAMS 0x0000000086400000, 0x0000000086400000| Untracked 
|  43|0x0000000086500000, 0x0000000086500000, 0x0000000086600000|  0%| F|  |TAMS 0x0000000086500000, 0x0000000086500000| Untracked 
|  44|0x0000000086600000, 0x0000000086600000, 0x0000000086700000|  0%| F|  |TAMS 0x0000000086600000, 0x0000000086600000| Untracked 
|  45|0x0000000086700000, 0x0000000086700000, 0x0000000086800000|  0%| F|  |TAMS 0x0000000086700000, 0x0000000086700000| Untracked 
|  46|0x0000000086800000, 0x0000000086800000, 0x0000000086900000|  0%| F|  |TAMS 0x0000000086800000, 0x0000000086800000| Untracked 
|  47|0x0000000086900000, 0x0000000086900000, 0x0000000086a00000|  0%| F|  |TAMS 0x0000000086900000, 0x0000000086900000| Untracked 
|  48|0x0000000086a00000, 0x0000000086a00000, 0x0000000086b00000|  0%| F|  |TAMS 0x0000000086a00000, 0x0000000086a00000| Untracked 
|  49|0x0000000086b00000, 0x0000000086b00000, 0x0000000086c00000|  0%| F|  |TAMS 0x0000000086b00000, 0x0000000086b00000| Untracked 
|  50|0x0000000086c00000, 0x0000000086c00000, 0x0000000086d00000|  0%| F|  |TAMS 0x0000000086c00000, 0x0000000086c00000| Untracked 
|  51|0x0000000086d00000, 0x0000000086d00000, 0x0000000086e00000|  0%| F|  |TAMS 0x0000000086d00000, 0x0000000086d00000| Untracked 
|  52|0x0000000086e00000, 0x0000000086e00000, 0x0000000086f00000|  0%| F|  |TAMS 0x0000000086e00000, 0x0000000086e00000| Untracked 
|  53|0x0000000086f00000, 0x0000000086f00000, 0x0000000087000000|  0%| F|  |TAMS 0x0000000086f00000, 0x0000000086f00000| Untracked 
|  54|0x0000000087000000, 0x0000000087000000, 0x0000000087100000|  0%| F|  |TAMS 0x0000000087000000, 0x0000000087000000| Untracked 
|  55|0x0000000087100000, 0x0000000087100000, 0x0000000087200000|  0%| F|  |TAMS 0x0000000087100000, 0x0000000087100000| Untracked 
|  56|0x0000000087200000, 0x0000000087200000, 0x0000000087300000|  0%| F|  |TAMS 0x0000000087200000, 0x0000000087200000| Untracked 
|  57|0x0000000087300000, 0x0000000087300000, 0x0000000087400000|  0%| F|  |TAMS 0x0000000087300000, 0x0000000087300000| Untracked 
|  58|0x0000000087400000, 0x0000000087400000, 0x0000000087500000|  0%| F|  |TAMS 0x0000000087400000, 0x0000000087400000| Untracked 
|  59|0x0000000087500000, 0x0000000087500000, 0x0000000087600000|  0%| F|  |TAMS 0x0000000087500000, 0x0000000087500000| Untracked 
|  60|0x0000000087600000, 0x0000000087600000, 0x0000000087700000|  0%| F|  |TAMS 0x0000000087600000, 0x0000000087600000| Untracked 
|  61|0x0000000087700000, 0x0000000087700000, 0x0000000087800000|  0%| F|  |TAMS 0x0000000087700000, 0x0000000087700000| Untracked 
|  62|0x0000000087800000, 0x0000000087800000, 0x0000000087900000|  0%| F|  |TAMS 0x0000000087800000, 0x0000000087800000| Untracked 
|  63|0x0000000087900000, 0x0000000087900000, 0x0000000087a00000|  0%| F|  |TAMS 0x0000000087900000, 0x0000000087900000| Untracked 
|  64|0x0000000087a00000, 0x0000000087a00000, 0x0000000087b00000|  0%| F|  |TAMS 0x0000000087a00000, 0x0000000087a00000| Untracked 
|  65|0x0000000087b00000, 0x0000000087b00000, 0x0000000087c00000|  0%| F|  |TAMS 0x0000000087b00000, 0x0000000087b00000| Untracked 
|  66|0x0000000087c00000, 0x0000000087c00000, 0x0000000087d00000|  0%| F|  |TAMS 0x0000000087c00000, 0x0000000087c00000| Untracked 
|  67|0x0000000087d00000, 0x0000000087d00000, 0x0000000087e00000|  0%| F|  |TAMS 0x0000000087d00000, 0x0000000087d00000| Untracked 
|  68|0x0000000087e00000, 0x0000000087e00000, 0x0000000087f00000|  0%| F|  |TAMS 0x0000000087e00000, 0x0000000087e00000| Untracked 
|  69|0x0000000087f00000, 0x0000000087f00000, 0x0000000088000000|  0%| F|  |TAMS 0x0000000087f00000, 0x0000000087f00000| Untracked 
|  70|0x0000000088000000, 0x0000000088000000, 0x0000000088100000|  0%| F|  |TAMS 0x0000000088000000, 0x0000000088000000| Untracked 
|  71|0x0000000088100000, 0x0000000088100000, 0x0000000088200000|  0%| F|  |TAMS 0x0000000088100000, 0x0000000088100000| Untracked 
|  72|0x0000000088200000, 0x0000000088200000, 0x0000000088300000|  0%| F|  |TAMS 0x0000000088200000, 0x0000000088200000| Untracked 
|  73|0x0000000088300000, 0x0000000088300000, 0x0000000088400000|  0%| F|  |TAMS 0x0000000088300000, 0x0000000088300000| Untracked 
|  74|0x0000000088400000, 0x0000000088400000, 0x0000000088500000|  0%| F|  |TAMS 0x0000000088400000, 0x0000000088400000| Untracked 
|  75|0x0000000088500000, 0x0000000088500000, 0x0000000088600000|  0%| F|  |TAMS 0x0000000088500000, 0x0000000088500000| Untracked 
|  76|0x0000000088600000, 0x0000000088600000, 0x0000000088700000|  0%| F|  |TAMS 0x0000000088600000, 0x0000000088600000| Untracked 
|  77|0x0000000088700000, 0x0000000088700000, 0x0000000088800000|  0%| F|  |TAMS 0x0000000088700000, 0x0000000088700000| Untracked 
|  78|0x0000000088800000, 0x0000000088800000, 0x0000000088900000|  0%| F|  |TAMS 0x0000000088800000, 0x0000000088800000| Untracked 
|  79|0x0000000088900000, 0x0000000088900000, 0x0000000088a00000|  0%| F|  |TAMS 0x0000000088900000, 0x0000000088900000| Untracked 
|  80|0x0000000088a00000, 0x0000000088a00000, 0x0000000088b00000|  0%| F|  |TAMS 0x0000000088a00000, 0x0000000088a00000| Untracked 
|  81|0x0000000088b00000, 0x0000000088b00000, 0x0000000088c00000|  0%| F|  |TAMS 0x0000000088b00000, 0x0000000088b00000| Untracked 
|  82|0x0000000088c00000, 0x0000000088c00000, 0x0000000088d00000|  0%| F|  |TAMS 0x0000000088c00000, 0x0000000088c00000| Untracked 
|  83|0x0000000088d00000, 0x0000000088d00000, 0x0000000088e00000|  0%| F|  |TAMS 0x0000000088d00000, 0x0000000088d00000| Untracked 
|  84|0x0000000088e00000, 0x0000000088e00000, 0x0000000088f00000|  0%| F|  |TAMS 0x0000000088e00000, 0x0000000088e00000| Untracked 
|  85|0x0000000088f00000, 0x0000000088f00000, 0x0000000089000000|  0%| F|  |TAMS 0x0000000088f00000, 0x0000000088f00000| Untracked 
|  86|0x0000000089000000, 0x0000000089000000, 0x0000000089100000|  0%| F|  |TAMS 0x0000000089000000, 0x0000000089000000| Untracked 
|  87|0x0000000089100000, 0x0000000089100000, 0x0000000089200000|  0%| F|  |TAMS 0x0000000089100000, 0x0000000089100000| Untracked 
|  88|0x0000000089200000, 0x0000000089200000, 0x0000000089300000|  0%| F|  |TAMS 0x0000000089200000, 0x0000000089200000| Untracked 
|  89|0x0000000089300000, 0x0000000089300000, 0x0000000089400000|  0%| F|  |TAMS 0x0000000089300000, 0x0000000089300000| Untracked 
|  90|0x0000000089400000, 0x0000000089400000, 0x0000000089500000|  0%| F|  |TAMS 0x0000000089400000, 0x0000000089400000| Untracked 
|  91|0x0000000089500000, 0x0000000089500000, 0x0000000089600000|  0%| F|  |TAMS 0x0000000089500000, 0x0000000089500000| Untracked 
|  92|0x0000000089600000, 0x0000000089600000, 0x0000000089700000|  0%| F|  |TAMS 0x0000000089600000, 0x0000000089600000| Untracked 
|  93|0x0000000089700000, 0x0000000089700000, 0x0000000089800000|  0%| F|  |TAMS 0x0000000089700000, 0x0000000089700000| Untracked 
|  94|0x0000000089800000, 0x0000000089800000, 0x0000000089900000|  0%| F|  |TAMS 0x0000000089800000, 0x0000000089800000| Untracked 
|  95|0x0000000089900000, 0x0000000089900000, 0x0000000089a00000|  0%| F|  |TAMS 0x0000000089900000, 0x0000000089900000| Untracked 
|  96|0x0000000089a00000, 0x0000000089a00000, 0x0000000089b00000|  0%| F|  |TAMS 0x0000000089a00000, 0x0000000089a00000| Untracked 
|  97|0x0000000089b00000, 0x0000000089b00000, 0x0000000089c00000|  0%| F|  |TAMS 0x0000000089b00000, 0x0000000089b00000| Untracked 
|  98|0x0000000089c00000, 0x0000000089c00000, 0x0000000089d00000|  0%| F|  |TAMS 0x0000000089c00000, 0x0000000089c00000| Untracked 
|  99|0x0000000089d00000, 0x0000000089d00000, 0x0000000089e00000|  0%| F|  |TAMS 0x0000000089d00000, 0x0000000089d00000| Untracked 
| 100|0x0000000089e00000, 0x0000000089e76690, 0x0000000089f00000| 46%| S|CS|TAMS 0x0000000089e00000, 0x0000000089e00000| Complete 
| 101|0x0000000089f00000, 0x000000008a000000, 0x000000008a000000|100%| S|CS|TAMS 0x0000000089f00000, 0x0000000089f00000| Complete 
| 102|0x000000008a000000, 0x000000008a000000, 0x000000008a100000|  0%| F|  |TAMS 0x000000008a000000, 0x000000008a000000| Untracked 
| 103|0x000000008a100000, 0x000000008a100000, 0x000000008a200000|  0%| F|  |TAMS 0x000000008a100000, 0x000000008a100000| Untracked 
| 104|0x000000008a200000, 0x000000008a200000, 0x000000008a300000|  0%| F|  |TAMS 0x000000008a200000, 0x000000008a200000| Untracked 
| 105|0x000000008a300000, 0x000000008a300000, 0x000000008a400000|  0%| F|  |TAMS 0x000000008a300000, 0x000000008a300000| Untracked 
| 106|0x000000008a400000, 0x000000008a400000, 0x000000008a500000|  0%| F|  |TAMS 0x000000008a400000, 0x000000008a400000| Untracked 
| 107|0x000000008a500000, 0x000000008a500000, 0x000000008a600000|  0%| F|  |TAMS 0x000000008a500000, 0x000000008a500000| Untracked 
| 108|0x000000008a600000, 0x000000008a680800, 0x000000008a700000| 50%| E|  |TAMS 0x000000008a600000, 0x000000008a600000| Complete 
| 109|0x000000008a700000, 0x000000008a800000, 0x000000008a800000|100%| E|CS|TAMS 0x000000008a700000, 0x000000008a700000| Complete 
| 110|0x000000008a800000, 0x000000008a900000, 0x000000008a900000|100%| E|CS|TAMS 0x000000008a800000, 0x000000008a800000| Complete 
| 111|0x000000008a900000, 0x000000008aa00000, 0x000000008aa00000|100%| E|CS|TAMS 0x000000008a900000, 0x000000008a900000| Complete 
| 112|0x000000008aa00000, 0x000000008ab00000, 0x000000008ab00000|100%| E|CS|TAMS 0x000000008aa00000, 0x000000008aa00000| Complete 
| 113|0x000000008ab00000, 0x000000008ac00000, 0x000000008ac00000|100%| E|CS|TAMS 0x000000008ab00000, 0x000000008ab00000| Complete 
| 114|0x000000008ac00000, 0x000000008ad00000, 0x000000008ad00000|100%| E|CS|TAMS 0x000000008ac00000, 0x000000008ac00000| Complete 
| 115|0x000000008ad00000, 0x000000008ae00000, 0x000000008ae00000|100%| E|CS|TAMS 0x000000008ad00000, 0x000000008ad00000| Complete 
| 116|0x000000008ae00000, 0x000000008af00000, 0x000000008af00000|100%| E|CS|TAMS 0x000000008ae00000, 0x000000008ae00000| Complete 
| 117|0x000000008af00000, 0x000000008b000000, 0x000000008b000000|100%| E|CS|TAMS 0x000000008af00000, 0x000000008af00000| Complete 
| 118|0x000000008b000000, 0x000000008b100000, 0x000000008b100000|100%| E|CS|TAMS 0x000000008b000000, 0x000000008b000000| Complete 
| 119|0x000000008b100000, 0x000000008b200000, 0x000000008b200000|100%| E|CS|TAMS 0x000000008b100000, 0x000000008b100000| Complete 
| 120|0x000000008b200000, 0x000000008b300000, 0x000000008b300000|100%| E|CS|TAMS 0x000000008b200000, 0x000000008b200000| Complete 
| 121|0x000000008b300000, 0x000000008b400000, 0x000000008b400000|100%| E|CS|TAMS 0x000000008b300000, 0x000000008b300000| Complete 
| 122|0x000000008b400000, 0x000000008b500000, 0x000000008b500000|100%| E|CS|TAMS 0x000000008b400000, 0x000000008b400000| Complete 
| 123|0x000000008b500000, 0x000000008b600000, 0x000000008b600000|100%| E|CS|TAMS 0x000000008b500000, 0x000000008b500000| Complete 
| 124|0x000000008b600000, 0x000000008b700000, 0x000000008b700000|100%| E|CS|TAMS 0x000000008b600000, 0x000000008b600000| Complete 
| 125|0x000000008b700000, 0x000000008b800000, 0x000000008b800000|100%| E|CS|TAMS 0x000000008b700000, 0x000000008b700000| Complete 

Card table byte_map: [0x000001fb70450000,0x000001fb70840000] _byte_map_base: 0x000001fb70033000

Marking Bits (Prev, Next): (CMBitMap*) 0x000001fb59a27ac8, (CMBitMap*) 0x000001fb59a27b00
 Prev Bits: [0x000001fb70c30000, 0x000001fb72b48000)
 Next Bits: [0x000001fb72b50000, 0x000001fb74a68000)

Polling page: 0x000001fb57810000

Metaspace:

Usage:
  Non-class:     14.90 MB capacity,    14.52 MB ( 97%) used,   337.33 KB (  2%) free+waste,    49.38 KB ( <1%) overhead. 
      Class:      1.84 MB capacity,     1.68 MB ( 91%) used,   142.91 KB (  8%) free+waste,    25.38 KB (  1%) overhead. 
       Both:     16.74 MB capacity,    16.20 MB ( 97%) used,   480.24 KB (  3%) free+waste,    74.75 KB ( <1%) overhead. 

Virtual space:
  Non-class space:       16.00 MB reserved,      15.00 MB ( 94%) committed 
      Class space:        1.00 GB reserved,       1.88 MB ( <1%) committed 
             Both:        1.02 GB reserved,      16.88 MB (  2%) committed 

Chunk freelists:
   Non-Class:  5.00 KB
       Class:  512 bytes
        Both:  5.50 KB

CodeHeap 'non-profiled nmethods': size=120064Kb used=625Kb max_used=625Kb free=119438Kb
 bounds [0x000001fb68b20000, 0x000001fb68d90000, 0x000001fb70060000]
CodeHeap 'profiled nmethods': size=120000Kb used=3336Kb max_used=3336Kb free=116663Kb
 bounds [0x000001fb615f0000, 0x000001fb61940000, 0x000001fb68b20000]
CodeHeap 'non-nmethods': size=5696Kb used=1126Kb max_used=1141Kb free=4569Kb
 bounds [0x000001fb61060000, 0x000001fb612d0000, 0x000001fb615f0000]
 total_blobs=2176 nmethods=1738 adapters=350
 compilation: enabled
              stopped_count=0, restarted_count=0
 full_count=0

Compilation events (10 events):
Event: 3.303 Thread 0x000001fb76f85000 1696       3       java.lang.invoke.InvokerBytecodeGenerator::refKindOpcode (112 bytes)
Event: 3.304 Thread 0x000001fb76f85000 nmethod 1696 0x000001fb6191f690 code [0x000001fb6191f8e0, 0x000001fb619202d8]
Event: 3.304 Thread 0x000001fb76f85000 1693       3       java.lang.invoke.MemberName::isPrivate (8 bytes)
Event: 3.304 Thread 0x000001fb76f85000 nmethod 1693 0x000001fb61920610 code [0x000001fb619207a0, 0x000001fb61920958]
Event: 3.304 Thread 0x000001fb76f85000 1694       3       java.lang.invoke.InvokerBytecodeGenerator::emitStaticInvoke (258 bytes)
Event: 3.306 Thread 0x000001fb76f85000 nmethod 1694 0x000001fb61920a10 code [0x000001fb61920d00, 0x000001fb61921b68]
Event: 3.307 Thread 0x000001fb76f81000 nmethod 1697 0x000001fb68bb8c10 code [0x000001fb68bb8dc0, 0x000001fb68bb94f8]
Event: 3.309 Thread 0x000001fb76f85000 1700   !   3       java.util.concurrent.ConcurrentHashMap::transfer (828 bytes)
Event: 3.311 Thread 0x000001fb76f81000 1708       4       java.util.concurrent.ConcurrentHashMap::putIfAbsent (8 bytes)
Event: 3.312 Thread 0x000001fb76f81000 nmethod 1708 0x000001fb68bba210 code [0x000001fb68bba3a0, 0x000001fb68bba428]

GC Heap History (6 events):
Event: 1.334 GC heap before
{Heap before GC invocations=0 (full 0):
 garbage-first heap   total 129024K, used 13312K [0x0000000083a00000, 0x0000000100000000)
  region size 1024K, 14 young (14336K), 0 survivors (0K)
 Metaspace       used 8702K, capacity 8857K, committed 9088K, reserved 1056768K
  class space    used 800K, capacity 872K, committed 896K, reserved 1048576K
}
Event: 1.340 GC heap after
{Heap after GC invocations=1 (full 0):
 garbage-first heap   total 129024K, used 6953K [0x0000000083a00000, 0x0000000100000000)
  region size 1024K, 2 young (2048K), 2 survivors (2048K)
 Metaspace       used 8702K, capacity 8857K, committed 9088K, reserved 1056768K
  class space    used 800K, capacity 872K, committed 896K, reserved 1048576K
}
Event: 1.623 GC heap before
{Heap before GC invocations=1 (full 0):
 garbage-first heap   total 129024K, used 15145K [0x0000000083a00000, 0x0000000100000000)
  region size 1024K, 10 young (10240K), 2 survivors (2048K)
 Metaspace       used 10781K, capacity 11054K, committed 11136K, reserved 1058816K
  class space    used 1011K, capacity 1119K, committed 1152K, reserved 1048576K
}
Event: 1.626 GC heap after
{Heap after GC invocations=2 (full 0):
 garbage-first heap   total 129024K, used 7095K [0x0000000083a00000, 0x0000000100000000)
  region size 1024K, 1 young (1024K), 1 survivors (1024K)
 Metaspace       used 10781K, capacity 11054K, committed 11136K, reserved 1058816K
  class space    used 1011K, capacity 1119K, committed 1152K, reserved 1048576K
}
Event: 2.850 GC heap before
{Heap before GC invocations=2 (full 0):
 garbage-first heap   total 129024K, used 30647K [0x0000000083a00000, 0x0000000100000000)
  region size 1024K, 24 young (24576K), 1 survivors (1024K)
 Metaspace       used 14276K, capacity 14743K, committed 14976K, reserved 1062912K
  class space    used 1464K, capacity 1633K, committed 1664K, reserved 1048576K
}
Event: 2.853 GC heap after
{Heap after GC invocations=3 (full 0):
 garbage-first heap   total 129024K, used 8252K [0x0000000083a00000, 0x0000000100000000)
  region size 1024K, 2 young (2048K), 2 survivors (2048K)
 Metaspace       used 14276K, capacity 14743K, committed 14976K, reserved 1062912K
  class space    used 1464K, capacity 1633K, committed 1664K, reserved 1048576K
}

Deoptimization events (10 events):
Event: 2.758 Thread 0x000001fb599ec000 Uncommon trap: reason=bimorphic_or_optimized_type_check action=maybe_recompile pc=0x000001fb68b9a34c method=java.util.regex.Pattern$CharPropertyGreedy.match(Ljava/util/regex/Matcher;ILjava/lang/CharSequence;)Z @ 28 c2
Event: 2.758 Thread 0x000001fb599ec000 Uncommon trap: reason=bimorphic_or_optimized_type_check action=maybe_recompile pc=0x000001fb68b9a34c method=java.util.regex.Pattern$CharPropertyGreedy.match(Ljava/util/regex/Matcher;ILjava/lang/CharSequence;)Z @ 28 c2
Event: 2.914 Thread 0x000001fb599ec000 Uncommon trap: reason=class_check action=maybe_recompile pc=0x000001fb68b7b48c method=java.util.HashMap.putVal(ILjava/lang/Object;Ljava/lang/Object;ZZ)Ljava/lang/Object; @ 253 c2
Event: 2.914 Thread 0x000001fb599ec000 Uncommon trap: reason=class_check action=maybe_recompile pc=0x000001fb68b7b48c method=java.util.HashMap.putVal(ILjava/lang/Object;Ljava/lang/Object;ZZ)Ljava/lang/Object; @ 253 c2
Event: 2.920 Thread 0x000001fb599ec000 Uncommon trap: reason=bimorphic_or_optimized_type_check action=maybe_recompile pc=0x000001fb68b7a7b0 method=java.util.HashMap.getNode(ILjava/lang/Object;)Ljava/util/HashMap$Node; @ 126 c2
Event: 2.922 Thread 0x000001fb599ec000 Uncommon trap: reason=unstable_if action=reinterpret pc=0x000001fb68b65c38 method=java.util.jar.JarFile.getVersionedEntry(Ljava/lang/String;Ljava/util/jar/JarEntry;)Ljava/util/jar/JarEntry; @ 7 c2
Event: 2.943 Thread 0x000001fb599ec000 Uncommon trap: reason=class_check action=maybe_recompile pc=0x000001fb68b7b48c method=java.util.HashMap.putVal(ILjava/lang/Object;Ljava/lang/Object;ZZ)Ljava/lang/Object; @ 253 c2
Event: 2.943 Thread 0x000001fb599ec000 Uncommon trap: reason=class_check action=maybe_recompile pc=0x000001fb68b7b48c method=java.util.HashMap.putVal(ILjava/lang/Object;Ljava/lang/Object;ZZ)Ljava/lang/Object; @ 253 c2
Event: 2.944 Thread 0x000001fb599ec000 Uncommon trap: reason=bimorphic_or_optimized_type_check action=maybe_recompile pc=0x000001fb68b7a7b0 method=java.util.HashMap.getNode(ILjava/lang/Object;)Ljava/util/HashMap$Node; @ 126 c2
Event: 2.979 Thread 0x000001fb599ec000 Uncommon trap: reason=speculate_null_assert action=make_not_entrant pc=0x000001fb68b8bc2c method=jdk.internal.loader.URLClassPath$JarLoader.getResource(Ljava/lang/String;ZLjava/util/Set;)Ljdk/internal/loader/Resource; @ 17 c2

Classes redefined (0 events):
No events

Internal exceptions (10 events):
Event: 2.633 Thread 0x000001fb599ec000 Exception <a 'java/lang/NoSuchMethodError'{0x000000008a51c100}: java.lang.invoke.DirectMethodHandle$Holder.invokeStatic(Ljava/lang/Object;Ljava/lang/Object;Ljava/lang/Object;Ljava/lang/Object;Ljava/lang/Object;Ljava/lang/Object;Ljava/lang/Object;I)Ljava/l
Event: 2.634 Thread 0x000001fb599ec000 Exception <a 'java/lang/NoSuchMethodError'{0x000000008a51ff30}: java.lang.invoke.DirectMethodHandle$Holder.invokeStaticInit(Ljava/lang/Object;Ljava/lang/Object;Ljava/lang/Object;Ljava/lang/Object;Ljava/lang/Object;Ljava/lang/Object;Ljava/lang/Object;I)Lja
Event: 2.656 Thread 0x000001fb599ec000 Exception <a 'java/lang/NoSuchMethodError'{0x000000008a5fa760}: java.lang.invoke.DirectMethodHandle$Holder.invokeSpecial(Ljava/lang/Object;Ljava/lang/Object;Ljava/lang/Object;Ljava/lang/Object;I)Ljava/lang/Object;> (0x000000008a5fa760) thrown at [./open/s
Event: 2.657 Thread 0x000001fb599ec000 Exception <a 'java/lang/NoSuchMethodError'{0x000000008a5fdbf0}: java.lang.invoke.Invokers$Holder.linkToTargetMethod(Ljava/lang/Object;Ljava/lang/Object;ILjava/lang/Object;)Ljava/lang/Object;> (0x000000008a5fdbf0) thrown at [./open/src/hotspot/share/interp
Event: 3.264 Thread 0x000001fb599ec000 Exception <a 'java/lang/NoSuchMethodError'{0x000000008a8e2b10}: java.lang.invoke.DirectMethodHandle$Holder.invokeStaticInit(Ljava/lang/Object;Ljava/lang/Object;Ljava/lang/Object;)I> (0x000000008a8e2b10) thrown at [./open/src/hotspot/share/interpreter/link
Event: 3.304 Thread 0x000001fb599ec000 Exception <a 'java/lang/NoSuchMethodError'{0x000000008a771810}: java.lang.invoke.DirectMethodHandle$Holder.invokeStatic(Ljava/lang/Object;Ljava/lang/Object;Ljava/lang/Object;Ljava/lang/Object;Ljava/lang/Object;Ljava/lang/Object;Ljava/lang/Object;Ljava/lan
Event: 3.309 Thread 0x000001fb599ec000 Exception <a 'java/lang/NoSuchMethodError'{0x000000008a7829e8}: java.lang.invoke.DirectMethodHandle$Holder.invokeStatic(Ljava/lang/Object;Ljava/lang/Object;Ljava/lang/Object;Ljava/lang/Object;Ljava/lang/Object;Ljava/lang/Object;Ljava/lang/Object;Ljava/lan
Event: 3.311 Thread 0x000001fb599ec000 Exception <a 'java/lang/NoSuchMethodError'{0x000000008a790c18}: java.lang.invoke.DirectMethodHandle$Holder.invokeSpecial(Ljava/lang/Object;Ljava/lang/Object;IILjava/lang/Object;Ljava/lang/Object;Ljava/lang/Object;)Ljava/lang/Object;> (0x000000008a790c18) 
Event: 3.312 Thread 0x000001fb599ec000 Exception <a 'java/lang/NoSuchMethodError'{0x000000008a794448}: java.lang.invoke.DelegatingMethodHandle$Holder.reinvoke_L(Ljava/lang/Object;IILjava/lang/Object;Ljava/lang/Object;Ljava/lang/Object;)Ljava/lang/Object;> (0x000000008a794448) thrown at [./open
Event: 3.313 Thread 0x000001fb599ec000 Exception <a 'java/lang/NoSuchMethodError'{0x000000008a7986c8}: java.lang.invoke.DirectMethodHandle$Holder.invokeStatic(Ljava/lang/Object;Ljava/lang/Object;Ljava/lang/Object;Ljava/lang/Object;I)Ljava/lang/Object;> (0x000000008a7986c8) thrown at [./open/sr

Events (10 events):
Event: 3.293 loading class java/lang/invoke/BoundMethodHandle$Species_LLLLLLLLLL
Event: 3.293 loading class java/lang/invoke/BoundMethodHandle$Species_LLLLLLLLLL done
Event: 3.295 loading class java/lang/invoke/BoundMethodHandle$Species_LLLLLLLLLLL
Event: 3.295 loading class java/lang/invoke/BoundMethodHandle$Species_LLLLLLLLLLL done
Event: 3.303 loading class java/lang/invoke/BoundMethodHandle$Species_LLLLLLLLLLLL
Event: 3.303 loading class java/lang/invoke/BoundMethodHandle$Species_LLLLLLLLLLLL done
Event: 3.308 loading class java/lang/invoke/BoundMethodHandle$Species_LLLLLLLLLLLLL
Event: 3.308 loading class java/lang/invoke/BoundMethodHandle$Species_LLLLLLLLLLLLL done
Event: 3.312 loading class java/lang/invoke/BoundMethodHandle$Species_LI
Event: 3.312 loading class java/lang/invoke/BoundMethodHandle$Species_LI done


Dynamic libraries:
0x00007ff693d10000 - 0x00007ff693d1f000 	C:\Program Files\Java\jdk-11.0.14\bin\java.exe
0x00007ffd06960000 - 0x00007ffd06b69000 	C:\Windows\SYSTEM32\ntdll.dll
0x00007ffd05b50000 - 0x00007ffd05c0d000 	C:\Windows\System32\KERNEL32.DLL
0x00007ffd03e50000 - 0x00007ffd041c9000 	C:\Windows\System32\KERNELBASE.dll
0x00007ffd043e0000 - 0x00007ffd044f1000 	C:\Windows\System32\ucrtbase.dll
0x00007ffcf41c0000 - 0x00007ffcf41d5000 	C:\Program Files\Java\jdk-11.0.14\bin\VCRUNTIME140.dll
0x00007ffcfadf0000 - 0x00007ffcfae08000 	C:\Program Files\Java\jdk-11.0.14\bin\jli.dll
0x00007ffd05d30000 - 0x00007ffd05dde000 	C:\Windows\System32\ADVAPI32.dll
0x00007ffd05510000 - 0x00007ffd055b3000 	C:\Windows\System32\msvcrt.dll
0x00007ffd05de0000 - 0x00007ffd05e7e000 	C:\Windows\System32\sechost.dll
0x00007ffd05c10000 - 0x00007ffd05d30000 	C:\Windows\System32\RPCRT4.dll
0x00007ffd05260000 - 0x00007ffd0540c000 	C:\Windows\System32\USER32.dll
0x00007ffd04750000 - 0x00007ffd04776000 	C:\Windows\System32\win32u.dll
0x00007ffd05b20000 - 0x00007ffd05b49000 	C:\Windows\System32\GDI32.dll
0x00007ffd04570000 - 0x00007ffd04682000 	C:\Windows\System32\gdi32full.dll
0x00007ffd041d0000 - 0x00007ffd0426d000 	C:\Windows\System32\msvcp_win.dll
0x00007ffcef3e0000 - 0x00007ffcef685000 	C:\Windows\WinSxS\amd64_microsoft.windows.common-controls_6595b64144ccf1df_6.0.22000.120_none_9d947278b86cc467\COMCTL32.dll
0x00007ffcfdf70000 - 0x00007ffcfdf7a000 	C:\Windows\SYSTEM32\VERSION.dll
0x00007ffd06020000 - 0x00007ffd06051000 	C:\Windows\System32\IMM32.DLL
0x00007ffcebf20000 - 0x00007ffcebfbb000 	C:\Program Files\Java\jdk-11.0.14\bin\msvcp140.dll
0x00007ffccc590000 - 0x00007ffccd0a6000 	C:\Program Files\Java\jdk-11.0.14\bin\server\jvm.dll
0x00007ffd061b0000 - 0x00007ffd061b8000 	C:\Windows\System32\PSAPI.DLL
0x00007ffcf4110000 - 0x00007ffcf4119000 	C:\Windows\SYSTEM32\WSOCK32.dll
0x00007ffd05a50000 - 0x00007ffd05abf000 	C:\Windows\System32\WS2_32.dll
0x00007ffcfdf30000 - 0x00007ffcfdf63000 	C:\Windows\SYSTEM32\WINMM.dll
0x00007ffd03040000 - 0x00007ffd03058000 	C:\Windows\SYSTEM32\kernel.appcore.dll
0x00007ffcfe1e0000 - 0x00007ffcfe1f0000 	C:\Program Files\Java\jdk-11.0.14\bin\verify.dll
0x00007ffd019a0000 - 0x00007ffd01bc1000 	C:\Windows\SYSTEM32\DBGHELP.DLL
0x00007ffcfc350000 - 0x00007ffcfc381000 	C:\Windows\SYSTEM32\dbgcore.DLL
0x00007ffd04780000 - 0x00007ffd047ff000 	C:\Windows\System32\bcryptPrimitives.dll
0x00007ffcf0b10000 - 0x00007ffcf0b38000 	C:\Program Files\Java\jdk-11.0.14\bin\java.dll
0x00007ffcfc8d0000 - 0x00007ffcfc8da000 	C:\Program Files\Java\jdk-11.0.14\bin\jimage.dll
0x00007ffcfc830000 - 0x00007ffcfc83e000 	C:\Program Files\Java\jdk-11.0.14\bin\instrument.dll
0x00007ffcf4180000 - 0x00007ffcf4196000 	C:\Program Files\Java\jdk-11.0.14\bin\zip.dll
0x00007ffd04960000 - 0x00007ffd0510f000 	C:\Windows\System32\SHELL32.dll
0x00007ffd01fd0000 - 0x00007ffd02838000 	C:\Windows\SYSTEM32\windows.storage.dll
0x00007ffd055c0000 - 0x00007ffd05938000 	C:\Windows\System32\combase.dll
0x00007ffd01e60000 - 0x00007ffd01fc6000 	C:\Windows\SYSTEM32\wintypes.dll
0x00007ffd05940000 - 0x00007ffd05a2a000 	C:\Windows\System32\SHCORE.dll
0x00007ffd05200000 - 0x00007ffd0525d000 	C:\Windows\System32\shlwapi.dll
0x00007ffd03d80000 - 0x00007ffd03da1000 	C:\Windows\SYSTEM32\profapi.dll
0x00007ffcf06d0000 - 0x00007ffcf06e9000 	C:\Program Files\Java\jdk-11.0.14\bin\net.dll
0x00007ffcfc440000 - 0x00007ffcfc54c000 	C:\Windows\SYSTEM32\WINHTTP.dll
0x00007ffd03470000 - 0x00007ffd034d7000 	C:\Windows\system32\mswsock.dll
0x00007ffcefdd0000 - 0x00007ffcefde2000 	C:\Program Files\Java\jdk-11.0.14\bin\nio.dll
0x00007ffcef080000 - 0x00007ffcef09a000 	C:\Program Files\JetBrains\IntelliJ IDEA Community Edition 2021.3.2\bin\breakgen64.dll
0x00007ffd036b0000 - 0x00007ffd036c8000 	C:\Windows\SYSTEM32\CRYPTSP.dll
0x00007ffd02fa0000 - 0x00007ffd02fd5000 	C:\Windows\system32\rsaenh.dll
0x00007ffd03560000 - 0x00007ffd03589000 	C:\Windows\SYSTEM32\USERENV.dll
0x00007ffd03830000 - 0x00007ffd03857000 	C:\Windows\SYSTEM32\bcrypt.dll
0x00007ffd036d0000 - 0x00007ffd036dc000 	C:\Windows\SYSTEM32\CRYPTBASE.dll
0x00007ffd02b70000 - 0x00007ffd02b9d000 	C:\Windows\SYSTEM32\IPHLPAPI.DLL
0x00007ffd067f0000 - 0x00007ffd067f9000 	C:\Windows\System32\NSI.dll
0x00007ffcfc090000 - 0x00007ffcfc0a9000 	C:\Windows\SYSTEM32\dhcpcsvc6.DLL
0x00007ffcfe0e0000 - 0x00007ffcfe0fe000 	C:\Windows\SYSTEM32\dhcpcsvc.DLL
0x00007ffd02ba0000 - 0x00007ffd02c88000 	C:\Windows\SYSTEM32\DNSAPI.dll

dbghelp: loaded successfully - version: 4.0.5 - missing functions: none
symbol engine: initialized successfully - sym options: 0x614 - pdb path: .;C:\Program Files\Java\jdk-11.0.14\bin;C:\Windows\SYSTEM32;C:\Windows\WinSxS\amd64_microsoft.windows.common-controls_6595b64144ccf1df_6.0.22000.120_none_9d947278b86cc467;C:\Program Files\Java\jdk-11.0.14\bin\server;C:\Program Files\JetBrains\IntelliJ IDEA Community Edition 2021.3.2\bin

VM Arguments:
jvm_args: -Dorg.jetbrains.run.directory=C:\Users\ahka1\IdeaProjects\com.CucumberCalismalarim\src\test\resources\features -javaagent:C:\Program Files\JetBrains\IntelliJ IDEA Community Edition 2021.3.2\lib\idea_rt.jar=64019:C:\Program Files\JetBrains\IntelliJ IDEA Community Edition 2021.3.2\bin -Dfile.encoding=UTF-8 
java_command: io.cucumber.core.cli.Main --plugin org.jetbrains.plugins.cucumber.java.run.CucumberJvm5SMFormatter --glue stepDefinitions C:/Users/ahka1/IdeaProjects/com.CucumberCalismalarim/src/test/resources/features/US1013_ReadExcel.feature
java_class_path (initial): C:\Users\ahka1\IdeaProjects\com.CucumberCalismalarim\target\test-classes;C:\Users\ahka1\IdeaProjects\com.CucumberCalismalarim\target\classes;C:\Users\ahka1\.m2\repository\org\seleniumhq\selenium\selenium-java\4.1.3\selenium-java-4.1.3.jar;C:\Users\ahka1\.m2\repository\org\seleniumhq\selenium\selenium-api\4.1.3\selenium-api-4.1.3.jar;C:\Users\ahka1\.m2\repository\org\seleniumhq\selenium\selenium-chrome-driver\4.1.3\selenium-chrome-driver-4.1.3.jar;C:\Users\ahka1\.m2\repository\com\google\auto\service\auto-service-annotations\1.0.1\auto-service-annotations-1.0.1.jar;C:\Users\ahka1\.m2\repository\com\google\auto\service\auto-service\1.0.1\auto-service-1.0.1.jar;C:\Users\ahka1\.m2\repository\com\google\auto\auto-common\1.2\auto-common-1.2.jar;C:\Users\ahka1\.m2\repository\com\google\guava\guava\31.1-jre\guava-31.1-jre.jar;C:\Users\ahka1\.m2\repository\com\google\guava\failureaccess\1.0.1\failureaccess-1.0.1.jar;C:\Users\ahka1\.m2\repository\com\google\guava\listenablefuture\9999.0-empty-to-avoid-conflict-with-guava\listenablefuture-9999.0-empty-to-avoid-conflict-with-guava.jar;C:\Users\ahka1\.m2\repository\com\google\code\findbugs\jsr305\3.0.2\jsr305-3.0.2.jar;C:\Users\ahka1\.m2\repository\org\checkerframework\checker-qual\3.12.0\checker-qual-3.12.0.jar;C:\Users\ahka1\.m2\repository\com\google\errorprone\error_prone_annotations\2.11.0\error_prone_annotations-2.11.0.jar;C:\Users\ahka1\.m2\repository\com\google\j2objc\j2objc-annotations\1.3\j2objc-annotations-1.3.jar;C:\Users\ahka1\.m2\repository\org\seleniumhq\selenium\selenium-chromium-driver\4.1.3\selenium-chromium-driver-4.1.3.jar;C:\Users\ahka1\.m2\repository\org\seleniumhq\selenium\selenium-json\4.1.3\selenium-json-4.1.3.jar;C:\Users\ahka1\.m2\repository\org\seleniumhq\selenium\selenium-devtools-v85\4.1.3\selenium-devtools-v85-4.1.3.jar;C:\Users\ahka1\.m2\repository\org\seleniumhq\selenium\selenium-devtools-v97\4.1.3\selenium-devtools-v97-4.1.3.jar;C:\Users\ahka1\.m2\repository\org\selen
Launcher Type: SUN_STANDARD

[Global flags]
     intx CICompilerCount                          = 3                                         {product} {ergonomic}
     uint ConcGCThreads                            = 1                                         {product} {ergonomic}
     uint G1ConcRefinementThreads                  = 4                                         {product} {ergonomic}
   size_t G1HeapRegionSize                         = 1048576                                   {product} {ergonomic}
    uintx GCDrainStackTargetSize                   = 64                                        {product} {ergonomic}
   size_t InitialHeapSize                          = 132120576                                 {product} {ergonomic}
   size_t MarkStackSize                            = 4194304                                   {product} {ergonomic}
   size_t MaxHeapSize                              = 2086666240                                {product} {ergonomic}
   size_t MaxNewSize                               = 1251999744                                {product} {ergonomic}
   size_t MinHeapDeltaBytes                        = 1048576                                   {product} {ergonomic}
    uintx NonNMethodCodeHeapSize                   = 5830732                                {pd product} {ergonomic}
    uintx NonProfiledCodeHeapSize                  = 122913754                              {pd product} {ergonomic}
    uintx ProfiledCodeHeapSize                     = 122913754                              {pd product} {ergonomic}
    uintx ReservedCodeCacheSize                    = 251658240                              {pd product} {ergonomic}
     bool SegmentedCodeCache                       = true                                      {product} {ergonomic}
     bool UseCompressedClassPointers               = true                                 {lp64_product} {ergonomic}
     bool UseCompressedOops                        = true                                 {lp64_product} {ergonomic}
     bool UseG1GC                                  = true                                      {product} {ergonomic}
     bool UseLargePagesIndividualAllocation        = false                                  {pd product} {ergonomic}

Logging:
Log output configuration:
 #0: stdout all=warning uptime,level,tags
 #1: stderr all=off uptime,level,tags

Environment Variables:
PATH=C:\Program Files\Common Files\Oracle\Java\javapath;C:\Windows\system32;C:\Windows;C:\Windows\System32\Wbem;C:\Windows\System32\WindowsPowerShell\v1.0\;C:\Windows\System32\OpenSSH\;C:\Program Files\Git\cmd;C:\Users\ahka1\AppData\Local\Microsoft\WindowsApps;;C:\Program Files\JetBrains\IntelliJ IDEA Community Edition 2021.3.2\bin;
USERNAME=ahka1
OS=Windows_NT
PROCESSOR_IDENTIFIER=Intel64 Family 6 Model 126 Stepping 5, GenuineIntel



---------------  S Y S T E M  ---------------

OS: Windows 11 , 64 bit Build 22000 (10.0.22000.675)

CPU:total 4 (initial active 4) (2 cores per cpu, 2 threads per core) family 6 model 126 stepping 5 microcode 0x96, cmov, cx8, fxsr, mmx, sse, sse2, sse3, ssse3, sse4.1, sse4.2, popcnt, avx, avx2, aes, clmul, erms, 3dnowpref, lzcnt, ht, tsc, tscinvbit, bmi1, bmi2, adx, evex, sha, fma

Memory: 4k page, system-wide physical 7959M (533M free)
TotalPageFile size 25129M (AvailPageFile size 3M)
current process WorkingSet (physical memory assigned to process): 99M, peak: 99M
current process commit charge ("private bytes"): 226M, peak: 226M

vm_info: Java HotSpot(TM) 64-Bit Server VM (11.0.14+8-LTS-263) for windows-amd64 JRE (11.0.14+8-LTS-263), built on Dec  7 2021 21:53:57 by "mach5one" with MS VC++ 15.9 (VS2017)

END.
